500
0 5633 8694 5585 6128 8500 8485 6988 1856 9390 8218 6603 4346 3103 3032 4765 7652 6938 3877 5715 
1 4346 2945 1856 3833 6128 6980 8261 3223 6566 7073 2507 6569 427 9205 1238 1900 9545 5962 6938 
2 8991 9952 5735 3103 3210 5585 9589 3223 3833 5095 2091 3276 3321 6128 4346 2866 3232 8512 9848 8491 4765 5821 5715 5962 7153 
3 5254 6128 6006 3259 8537 156 5979 9860 9864 7829 878 4346 737 8406 2986 9533 5715 
4 3601 3237 960 6006 2241 3724 6228 1330 4269 7932 6128 4263 9174 3742 4847 4199 1774 5458 6692 5715 
5 3124 2507 1856 4346 5095 2893 619 6128 9584 3237 8379 625 1649 7465 2583 2013 3875 1607 3103 4765 8406 2240 5962 5715 
6 737 1747 2139 1856 903 4346 2615 156 3798 8694 6128 875 2133 9560 3875 4239 5411 3232 4011 444 7902 6692 6938 5340 9545 3936 
7 156 1509 5585 8047 6128 2142 9607 3724 1747 9589 3875 1856 4346 3237 6692 5397 9075 4679 9842 
8 3742 5633 31 6128 9589 4409 8500 1659 6692 3875 4184 2507 3103 5762 
9 6128 7046 4346 1747 2507 2106 1744 5585 3724 9799 7902 3213 3720 3232 3032 9940 6692 7266 5962 6938 321 
10 4346 4298 8500 622 3162 8872 2691 5914 875 433 3877 
11 5122 5306 1856 5100 6847 4298 9158 2106 3029 8067 9904 8333 4245 5784 5962 4199 5715 2 79 
12 4236 619 9121 8026 3875 5511 7555 1096 8537 4809 4346 7280 5175 7579 2437 3103 3936 
13 3724 3496 2193 3875 8047 2507 4346 8537 1856 1285 6463 249 6095 89 705 7266 7280 8512 4765 9533 
14 619 8139 481 8047 8500 5452 1649 9024 6668 737 5458 5962 79 
15 9907 8500 9390 9589 4346 5507 2964 5205 6128 5777 4236 2241 8668 8303 2 4765 7120 6692 5715 
16 4467 6006 3162 4346 1649 7280 5576 8512 459 481 3029 7994 4878 427 5962 6938 
17 6006 1856 7033 5633 3029 1683 4346 2133 2241 8694 4236 1500 8856 8776 4765 5254 5777 7652 3032 6692 8134 
18 6128 3103 6692 2133 1856 3833 3912 3276 5318 7658 5633 5979 6405 3724 120 2139 4346 7517 3032 8134 7652 321 79 
19 9751 1856 5633 2133 8692 4506 4346 6098 6668 5979 7674 4261 999 208 46 5095 5219 6938 
20 4125 4765 3223 5633 7405 3724 628 2409 912 3875 875 2427 4943 6779 784 
21 2241 3237 9589 7746 8537 6463 6128 8856 1965 8849 8333 7178 2945 5095 4346 6692 208 9299 2615 8134 3728 5962 5715 427 
22 1824 1856 8047 2949 6006 4346 2133 5642 1649 1037 8701 742 898 3877 7153 6938 
23 8692 9910 1856 4236 89 6006 2180 9952 6128 4081 1251 6559 1330 7579 1750 5507 3103 9533 5715 
24 2400 156 249 5111 6128 2507 619 2133 5243 9052 8776 5423 
25 2159 4878 3162 5095 6976 8857 796 5315 6881 4676 7421 8333 1607 5458 3276 4346 7266 6692 7120 9545 
26 1856 3517 3724 6405 8047 2133 8594 1251 2507 3223 3877 79 
27 7280 4346 1856 3124 5511 2229 6128 466 2507 5846 7033 1325 4409 3763 8849 1752 
28 4263 5030 6847 3875 3237 6272 7555 1856 8849 4346 249 6128 2507 6643 5254 9545 5643 
29 6128 2888 7923 698 1747 2095 4790 6559 8500 2193 4069 275 4346 527 4855 3032 3103 6692 5507 
30 9589 4878 5585 9910 5254 2661 2507 4346 5777 531 1330 1325 6083 6559 9826 5458 3103 4765 2013 6021 259 7120 
31 2945 466 6895 3690 4059 5879 8919 2956 4006 3833 3875 6405 3879 742 9299 5762 6692 2121 5715 
32 2133 4245 3517 9952 3029 5095 6668 2036 8639 4374 8393 8512 1856 4199 321 5962 8406 3032 5715 6938 79 2 
33 9924 6128 5310 875 5576 3833 3396 6575 5111 3724 9934 5784 4346 5095 3232 9607 7280 4855 3032 5458 1979 5715 
34 1099 8692 8500 3724 4346 3103 4245 1447 6228 3875 5315 8537 3237 1649 5767 7579 5784 3865 1979 6938 9533 
35 1856 9024 5633 2691 5254 9907 8500 3833 8047 8692 4643 9589 4346 2600 7579 5643 6772 105 2288 4199 5715 5962 
36 6098 1406 5742 5095 7384 5784 5576 2409 4346 1393 6093 3223 9141 6066 5458 7919 6692 2182 2 
37 4346 4374 1856 4848 870 4250 2507 9560 6128 1506 8406 9607 3103 3032 5507 6938 7153 
38 6128 7094 5633 2424 4540 9910 9696 5238 5254 7592 8406 4346 8134 
39 4346 46 4790 3833 3213 3938 8872 3661 784 5593 5311 8047 3150 5962 4199 5715 
40 1856 4108 6128 3875 6228 5633 1653 6692 2273 619 2241 1604 2139 4199 9299 8134 9533 427 
41 8047 4878 6128 327 3312 6668 4346 3384 1325 2899 2409 2133 7410 7266 5507 5762 3877 9533 
42 6006 5464 1856 7391 752 2133 8122 8933 875 3991 635 8500 4346 6454 2013 
43 9910 2339 6128 6960 4188 8047 2095 432 2088 3724 742 8933 8285 4765 9952 4647 9607 3232 7219 8134 79 5715 
44 3076 5511 8047 2831 2133 9024 6228 5095 4446 1506 7442 4346 5507 8134 4199 5715 
45 2133 3223 1856 6668 6128 7266 3724 6008 1099 9801 249 4346 8856 3103 7120 7153 
46 1856 8692 4346 2133 2507 1934 6668 5585 7511 6128 2831 7054 3223 4236 3032 9607 5423 569 4199 321 
47 7898 9489 1088 3223 2159 6911 1856 6128 2507 5254 742 5111 5458 
48 9174 156 4467 7099 2036 4878 7766 784 6128 9589 5306 3276 9737 4346 5254 9751 5979 5318 7997 6095 4765 3936 9533 7652 3012 
49 6128 2507 9506 4878 3073 9952 5847 1629 7046 1478 4245 4723 4346 8728 8396 4765 5643 6692 3232 6938 2 
50 4878 742 6569 4190 4762 4346 6151 9285 1856 5633 1747 2906 643 2133 6795 4141 7266 5643 4765 8406 6938 
51 5306 5087 9910 2133 4878 4467 6128 2106 660 6960 8500 752 1649 4346 3032 5507 5715 7652 
52 4878 2106 6093 8857 853 249 6212 2507 6463 9933 6726 4989 9819 8925 5095 7266 5848 2121 
53 8500 2133 8692 619 8122 1684 1856 5640 840 7145 4346 4765 9607 5458 5962 
54 444 7994 3162 2159 1509 66 2490 7848 9591 4346 2507 4762 1395 5318 3875 1856 6692 5921 3877 5715 2 
55 3237 8668 2400 6006 9907 6128 5238 3081 8919 4647 9696 7592 1752 3833 2320 4346 6980 7266 4176 2013 5962 
56 6405 5866 1856 4346 1649 6128 3724 6955 7847 3470 3407 2620 7178 5238 742 6692 3875 3894 
57 6128 5464 2507 5633 2072 5243 3623 1099 3223 4236 6692 6635 4346 9533 5962 
58 1856 4346 9064 156 6128 6715 1649 5095 3833 6868 2507 3944 6623 9952 875 4765 3103 4626 3602 8406 
59 1325 1355 9479 3237 1877 5837 3223 5633 2159 2106 2893 5254 7310 3232 1750 6692 6021 9075 6938 
60 2133 9061 6006 7579 368 7882 1204 4261 6980 8500 1330 5063 6344 3155 9589 6515 4855 3496 5397 6635 5458 5715 79 
61 6128 8933 6006 9751 4346 7458 9589 9849 8149 3517 5511 2095 892 6021 6938 2 9244 2240 
62 853 1856 8047 4346 156 9910 1692 3384 3237 2507 6692 4962 5507 79 
63 6128 9910 8692 9024 6976 6463 2507 8849 9848 596 1747 5095 444 9075 4765 6692 4855 3894 2 
64 5633 6575 432 9977 8500 9446 2945 2106 1649 7175 6128 5219 7902 9545 
65 8933 878 1330 5914 2507 4346 327 1856 3136 3155 1676 2409 737 4176 9533 7864 7652 5962 
66 2106 466 2339 4346 6988 4184 3875 6128 5254 7079 4581 8476 5306 5198 2362 5594 2 
67 5585 9952 5759 2133 8919 1099 742 3001 2651 3724 2507 8820 3875 6945 5175 4346 5866 3093 1784 6692 5962 5715 
68 375 4346 1856 2888 3321 9205 4245 1754 5267 3001 9257 6945 8262 46 6692 7266 5962 5507 
69 4817 5175 2133 1856 3001 9277 2347 9426 4392 3103 275 1039 5643 5784 5962 4765 8663 427 9533 79 
70 1395 6128 322 3237 4236 4235 4989 2180 4346 5777 742 7046 5971 2159 9589 8406 5715 2 
71 2339 1856 7433 742 5254 2507 8500 6128 8537 3162 8692 1824 4346 4364 5784 5821 8519 9607 9533 5962 
72 5979 2507 6128 2241 5095 4346 1856 8933 1965 2053 8840 6960 3245 9589 7511 6692 8333 2 9533 7652 
73 5585 2133 6692 7390 2507 1856 9749 3490 3517 7033 2193 6128 4346 9638 1607 7280 7579 2013 5715 
74 531 2053 8285 4346 1856 1325 3991 6098 1714 8759 3875 7964 3232 4765 6692 5507 5715 
75 4346 6643 5095 8575 7070 8047 3517 2507 6128 1699 5042 8934 2600 8134 4765 2 
76 4346 3619 4495 6006 3033 6128 1372 6093 7405 4765 3232 6938 5715 427 2 
77 3223 4346 9607 5452 1856 4989 5318 737 1099 7271 1325 6559 5979 7511 3032 1774 7120 9545 
78 8311 8759 3912 4346 6128 8262 1872 7175 8719 7089 1934 3103 9842 7699 
79 5585 2133 8261 1747 9589 6128 8857 4492 1928 4346 5095 8694 8406 4765 3032 
80 3029 5243 3237 6128 4346 4409 619 5544 5979 344 2620 4765 3103 1117 5507 2155 7652 
81 4346 7678 9589 5254 9205 742 5122 7465 9088 4723 2347 1856 2133 6668 1099 9952 3103 5979 7280 5962 3877 6938 5715 
82 2339 5633 6692 742 6976 3122 6128 4282 1653 2241 1856 6391 5759 7033 3276 7579 2 
83 4557 5238 6128 6929 4006 2888 1503 2945 5014 422 4346 7033 3103 6938 
84 6976 9276 8668 8695 5452 9589 3237 8500 5095 4346 5962 737 787 6463 9183 7902 6615 2433 4765 5458 9545 6692 5715 
85 3912 853 5823 8500 9479 8802 4202 892 1974 5962 4765 9545 2 
86 6128 1856 4458 9749 6601 4346 8857 7268 3336 737 7553 9479 1649 2339 5643 399 9545 5962 9533 
87 7766 8500 1856 6228 742 6128 3559 5095 4506 5984 3690 5105 3407 4245 46 4346 8934 1500 444 3232 9075 5962 5715 
88 3237 5095 1856 784 5511 6128 3875 2923 8472 1709 2362 4346 8834 4364 5760 4878 7133 3103 5715 
89 3276 6128 8594 1110 4006 912 1325 814 9869 8960 8857 4878 5645 6692 3237 3103 9545 7266 2437 
90 5319 3223 8694 2507 7046 6264 5243 4848 249 4346 1856 2095 1117 6692 6613 
91 6128 5629 4643 4346 3276 3742 6006 3237 2507 8759 7612 7766 1856 2409 6712 2121 2437 5507 3316 4199 2 
92 4236 2133 5095 2347 6006 8333 2400 1856 9024 4144 2104 8134 126 4689 2651 444 2792 2615 6692 4176 
93 5095 6128 1856 7171 6847 7579 2507 3021 7343 2133 5979 7592 3515 4815 1260 4346 7652 5962 3032 427 7153 
94 9121 4346 5585 7648 156 6228 6151 2507 31 4364 1649 1831 2615 5962 9545 79 
95 1330 156 4346 5095 8180 4506 31 1824 8485 2409 3770 5642 4236 3073 742 3232 5962 5715 2 
96 481 4011 6668 9285 2133 156 4325 6128 7579 4847 7592 3140 1856 742 5962 9545 
97 3237 4346 3103 327 4245 7592 3930 1928 1277 8701 9141 2133 9927 5397 4199 6030 7266 9533 5962 
98 5987 1856 4231 7310 9446 2724 2433 5784 2507 4710 6128 9751 2159 8776 427 
99 6006 2339 4125 9751 4231 4236 8537 5254 6128 156 6151 1395 4346 6692 5458 2943 8062 5507 8491 5715 
100 4236 4346 6405 9174 3124 1684 4298 6098 7132 4815 7579 2888 3779 527 9836 6692 9848 
101 8991 1856 4815 3001 4530 6128 4776 5122 9805 249 4346 2073 8047 6988 987 1668 5962 
102 8919 7145 1856 8537 2133 7280 3237 4943 4236 1485 8649 8668 6835 4878 3905 1987 1869 5962 3032 7652 9533 
103 3150 2507 6128 8943 5511 737 5095 8877 9183 7592 4602 9604 1395 6692 1238 9545 5715 4765 2 5962 
104 1856 1099 1088 8500 3276 6128 2700 3844 2133 1330 1934 1395 5095 3232 1668 3877 
105 6976 4346 3276 466 1856 7592 8500 1748 6668 8745 2362 444 8406 2182 5458 6692 427 
106 6463 8934 2095 8500 3517 1856 584 4680 4316 7579 9373 6128 3875 4346 9174 6692 1934 105 742 4765 5645 5715 321 
107 4346 444 8500 3112 8311 6128 2702 8964 1856 7690 8856 7230 7579 4236 6692 5784 7120 5715 
108 5105 8500 8856 3912 3517 3114 1856 6083 4817 8047 9589 7511 2133 2139 3232 2 
109 4346 8500 6779 4316 2106 5095 9024 7280 8047 6128 3162 8929 960 3875 7133 5507 6692 5962 5715 6613 2 
110 2133 4236 4682 4283 6692 8933 1221 4346 4765 9589 1856 4245 5042 1903 8694 7280 1649 960 4643 1389 742 5095 427 5848 
111 1856 9506 6171 3875 9923 5009 2424 5633 6128 4989 4346 1970 8355 6454 7280 9097 2615 4765 427 9533 
112 1856 1649 5254 3336 6132 1099 156 4516 3768 8692 4878 6692 249 3875 3032 
113 1856 5397 3738 6128 3742 4346 2036 4815 46 8692 7191 9952 5984 1485 8262 7765 5122 3103 3232 5715 9533 5962 
114 6128 1934 619 4346 8694 2159 7932 2133 2507 8679 1177 5214 752 784 5087 9205 3093 625 3232 2898 5458 4765 7120 6692 427 321 
115 4878 4346 8692 2241 5095 3223 31 1110 7268 4790 2490 1856 6779 5254 5458 6945 4765 9545 4176 3032 8406 79 6938 
116 1325 742 1222 2433 6988 5315 5777 5511 9589 31 5823 5585 4346 5194 7120 9751 7997 7413 9299 321 3877 
117 8500 9294 1856 2133 6171 1330 7094 3875 2347 6083 8594 8694 1667 8134 
118 6006 7612 3724 9750 2899 280 3433 7766 2139 7592 4346 3103 7579 9545 5715 
119 1221 444 3779 3724 3517 6976 4346 6994 4848 5934 3601 4647 6839 1110 742 6692 8134 8406 9848 427 5715 
120 1856 7280 985 4346 2133 2945 4245 2888 8537 2631 5585 8500 6632 4765 4199 
121 7707 1856 8919 6228 2913 5095 4765 1649 1714 4847 1506 2139 1110 5254 762 9560 341 969 7579 2943 4346 3232 2437 2240 
122 2133 5095 3276 2763 4989 2159 2409 6128 9696 2433 1856 2507 3938 8692 5111 5254 6095 5742 4011 6021 5063 6938 9533 
123 6128 2347 1325 885 7384 8537 4236 8945 3213 1607 1222 4346 8333 6692 3232 3877 
124 2036 275 5633 5243 875 8262 5067 3001 4184 6128 2180 3690 7652 
125 4188 3875 5585 1221 9589 619 784 1393 5238 2159 3444 3321 991 6847 638 3089 8487 3103 5979 8462 3232 3877 321 5715 
126 1856 4346 8500 3724 2133 2095 2507 4312 564 4172 7145 6726 9607 7266 5633 6635 6938 
127 6576 4346 6128 7766 9592 6006 1856 9879 4236 875 3865 1649 3724 3103 7230 4647 1113 2409 3343 5784 6021 4020 5715 
128 5095 5511 1856 2339 9589 2193 9607 8047 6272 2133 1099 2106 6668 6960 7093 6692 5397 1238 3982 
129 4647 8500 3155 75 9589 7765 4346 4245 6692 2661 3223 5095 3078 853 9934 1856 8694 2409 5507 7997 3877 7652 
130 5633 1856 3029 3883 466 5640 1413 1480 1500 1714 2053 4346 737 8134 
131 1856 1934 6128 9560 7502 4357 6559 8776 5475 5095 1099 2180 4346 705 898 7266 4765 5014 7997 6692 4199 
132 4346 5095 9174 6228 2339 2507 6980 4208 4325 8026 853 8500 2250 7099 9907 4765 105 8406 3877 
133 5979 4261 6006 8500 6788 6128 1395 7046 1699 4848 742 5457 4346 5156 427 
134 4346 6976 6559 8692 329 3517 742 9502 2362 6391 4516 6128 3237 1452 7280 2533 6938 7652 
135 3875 1714 1277 8262 8500 8919 5458 1162 2339 2888 2159 3559 9506 4943 5167 3697 8663 2182 4765 8406 3103 2 5715 
136 156 3029 9390 9952 2159 3875 9910 3336 3237 5562 4346 7033 4245 1607 3032 5095 9848 4765 9533 321 
137 156 89 878 6080 875 1024 8865 7579 6128 8943 5043 5095 2409 4346 4176 5397 912 8396 8776 5762 7652 
138 2831 4524 8500 3237 2133 6128 8054 2139 8877 7701 9479 3232 5254 7932 3935 7902 8396 1934 5643 3103 427 
139 1856 8047 2400 9864 8500 6128 2095 4346 5254 8537 3742 9560 4943 1934 4765 2013 
140 4878 3724 4392 3124 5464 2133 1452 1856 8919 6197 2095 4346 2831 8945 2943 4765 2121 4020 7153 2 
141 8581 2945 2507 2133 1649 6228 3559 1856 6559 6050 4686 5777 814 7439 3032 4871 5095 
142 1856 9907 2133 8500 2433 2757 5633 3875 7175 3223 6128 1500 8919 7280 5784 4346 6692 
143 1325 5714 444 6228 5640 8694 3136 6128 6976 1442 4346 6960 5655 9299 5821 4765 5715 2 
144 6128 4643 6405 3232 3425 4346 5843 3396 3875 6692 1649 9589 3103 1045 7766 8500 4236 4287 8189 5507 8406 2 2962 
145 2888 6692 5576 156 3237 4585 9749 7310 4776 5243 3232 6093 8062 5266 4815 5715 
146 7994 2956 2507 9024 5585 6128 1486 5122 9751 5511 9696 7600 4346 8396 7280 9607 5762 321 
147 1856 7280 5238 5640 6028 6930 5314 4346 5633 8692 1506 9589 3875 8919 9607 4765 3877 9848 6938 4199 
148 1856 6128 8047 3875 3724 5238 344 8500 2227 958 6730 4346 7511 5340 6021 9533 
149 4346 2133 4057 4282 89 8026 8786 8412 1928 3784 481 3875 5095 7099 7579 2489 2945 3833 8062 5458 6938 5715 
150 1325 4896 5585 3875 7046 2966 156 875 2142 8692 7612 2845 4245 5095 4664 6692 4765 8406 2437 3877 3894 
151 6128 2893 4346 8849 5484 9971 3855 2174 6013 3742 4859 4261 6344 5715 9299 7652 3012 2962 
152 5784 1099 2133 7145 6907 1856 5914 7033 5243 6128 7579 4346 5873 8333 6692 8406 6141 4855 4765 5715 2 
153 2133 9589 8262 6086 4346 1856 6128 8047 2899 6603 9980 7099 5014 3103 3232 6692 5962 3877 321 
154 9864 1856 7579 6128 3517 4346 1103 4643 2507 4298 2352 3213 8333 
155 6128 2159 8537 784 1856 4346 2339 737 3742 508 481 4188 6006 1649 7932 5860 5784 427 5715 
156 4776 4346 46 8537 9750 4676 4682 2507 1221 7766 619 9589 9545 8663 5821 6692 5762 9533 2 
157 1856 2133 840 6006 3690 5585 8692 7766 6128 5145 7033 4346 4974 9309 3259 8062 6285 7266 9607 4765 6692 3103 2240 
158 2133 2193 2339 4346 8182 2888 6128 3740 9024 5254 4943 3742 1856 5642 4643 2409 6465 4765 4151 5175 7652 
159 4943 2347 4346 5095 718 444 8500 1030 6128 3633 4067 6206 2923 2409 3276 2858 527 3103 9533 
160 3223 2490 1856 422 6128 1684 4346 1649 2507 7979 8262 8919 8776 6692 46 9545 8406 5715 
161 1099 8537 5877 7701 344 5315 5318 3724 6784 9205 4765 46 5715 8406 6938 
162 4346 784 985 8500 7033 9589 2159 7902 8965 2409 3768 7051 8537 1856 8893 4774 5014 6692 79 
163 7579 4346 3237 6128 6225 156 6714 2133 4287 1039 4848 1387 5030 508 3877 5060 
164 5767 1649 9486 5633 9489 2133 1395 4346 3844 2362 5095 3008 9524 1856 8919 7280 2409 5962 3395 6049 79 
165 1447 2133 5765 9952 432 2915 1877 2899 2347 3232 5633 742 5784 6692 199 7517 2986 2 
166 1856 7094 2888 7853 6895 5095 7473 840 4370 9062 9026 7822 7517 5962 
167 9751 5060 875 6751 5122 5095 444 3162 8533 7684 3875 4762 7678 1607 8500 3991 3149 2075 4346 5254 8593 9836 5643 3877 5458 5962 6938 
168 5140 466 2241 5210 5916 4346 9751 8047 1221 999 1856 3032 1934 6692 79 
169 8668 1856 8581 2661 8500 8565 6284 6006 2227 8047 8826 1790 4346 3103 8054 4765 5715 
170 1088 6976 784 8872 249 5585 8694 5760 4236 9513 4919 8512 9834 4664 6692 8406 2240 
171 2159 1856 2888 322 7051 9749 1653 5095 4346 3001 875 9174 2507 4765 3073 1649 6945 9607 3032 
172 4346 2362 2945 2507 6668 89 5642 3237 9790 3914 9952 5979 1928 2133 753 4765 3103 6938 9848 5715 
173 6976 3724 7442 3076 6128 2507 638 9288 1856 8119 5594 8694 4346 6765 2 79 
174 5585 4346 1676 8500 7266 3237 9607 6128 742 9299 4817 2193 7958 7054 7893 9751 5095 7033 5122 6692 3032 5507 569 7120 
175 5633 6228 6006 2506 9589 2095 9907 6569 3029 2241 4346 8692 6613 5715 321 
176 8047 4346 3906 5222 1330 1393 4287 9589 9952 6726 3213 2139 5122 1260 1747 4176 6692 3032 3012 3103 1668 
177 1856 6128 2133 4235 4346 3029 6006 4184 875 809 2792 2615 1221 1877 6692 321 
178 6128 3875 8355 2352 2520 5935 9907 4346 2831 3223 2433 1699 3237 4647 5784 6692 6827 3877 2 
179 5511 6006 5318 9713 5262 3880 9024 2193 2831 6576 275 4346 9381 75 1649 3237 4765 5715 3012 5962 
180 1856 3237 7822 6128 5594 3740 8500 8165 3029 2347 4346 5759 3875 4765 2437 5643 6938 5715 5412 7652 
181 8047 2507 1856 4346 1113 8500 466 742 5585 1974 3875 1649 46 3870 156 7280 3104 5122 1238 5643 2155 5962 
182 6839 4346 3875 8694 3724 3001 4765 5686 6976 9952 2507 4516 89 7191 1856 3103 8406 7759 5507 3877 5715 
183 2347 5594 46 1485 6976 6128 1598 8567 1856 9426 9589 5954 7280 5784 4765 
184 6575 4790 2241 1649 6692 1856 4962 3223 127 6884 1285 9848 5302 6391 9607 5784 625 4199 
185 8934 9907 6128 1784 4346 912 7070 3742 9801 9561 1330 7046 2520 8857 5175 5784 
186 1393 7280 1856 6779 4287 4346 5464 2133 9952 5585 6847 4971 619 1750 5979 4943 6955 3103 6296 4765 9545 2 
187 1856 6128 7678 7820 4409 596 7592 520 8537 1649 7932 4930 8694 5014 6692 742 4679 8005 4765 7997 5715 
188 4776 8919 4346 6128 4287 5759 1991 1970 3690 4729 5585 3875 742 7511 3103 5458 
189 2133 5095 1856 6692 375 4790 9836 1113 9589 3103 2053 3924 8333 6006 5254 3724 8512 4346 5784 527 5715 
190 1856 466 8594 5122 8500 8779 444 5914 9907 2088 2380 4962 1747 6128 7093 5014 5784 
191 1714 5585 6066 6692 249 2831 2133 5315 4236 4346 2409 1509 3724 5777 4962 
192 527 6128 6006 9589 6481 4288 249 7994 4236 8369 2507 4346 5833 3894 3032 6692 148 5507 2 
193 344 3223 8692 6692 1856 8857 1506 4190 6559 2204 7033 1667 527 742 8581 5219 7280 9533 5962 9545 
194 5633 6128 9183 8500 105 9381 1607 8456 6021 7579 3770 7511 4346 1190 1872 9506 2106 7266 6030 
195 9589 6128 2133 4346 9299 5095 5511 6779 1856 516 880 4847 8333 6228 2400 4069 6692 7648 177 4878 2013 3103 4647 4765 9834 3032 9545 2240 
196 8047 8500 5009 1856 4312 2507 5464 7501 4384 8333 6692 9589 3032 8919 7280 4346 5095 5962 5715 6613 7153 
197 6128 275 1509 2241 885 2507 9589 4236 8919 4346 1143 8122 5962 3103 3032 6692 
198 4346 1856 8884 444 3237 8047 3724 2139 1404 508 6284 9589 5979 2133 3103 4765 5962 5715 
199 5642 9672 2250 8877 2075 6128 2106 8545 4878 4346 7511 5643 4765 1784 5507 2 4199 5715 
200 4346 6128 3162 6006 4878 7794 8694 6960 9910 3724 9952 6839 4691 6178 5458 6692 
201 8500 1856 8694 5642 3798 2956 8692 5979 665 4524 6375 6006 3875 6730 1747 5643 3103 5458 6692 5507 2 
202 8500 705 8261 1073 1240 4364 6128 2507 559 2506 5318 4346 5095 4765 1238 2240 
203 6128 8500 4374 5642 3724 5210 432 5640 5254 8712 4346 3012 5962 321 
204 4346 4898 2273 1473 1649 1856 9545 8692 8384 4776 6988 7766 3724 9934 2362 2409 3865 9607 3032 5715 
205 8500 2507 1747 6128 4346 2648 2159 3276 7033 2133 3844 1506 3875 9751 1750 5507 5458 3023 9533 4765 5748 6938 
206 1325 9390 6151 8694 6405 3912 2437 8129 9589 890 6228 2409 6976 
207 2888 3162 4919 1395 3032 2507 6128 4467 5633 2319 1738 4585 8987 1934 5715 3371 2 
208 4482 9121 9589 8776 7919 8122 5306 8506 4682 322 3245 368 7465 5593 8130 5373 5458 5095 9533 4199 
209 9024 2133 1629 4815 7746 2507 4932 5306 1405 8221 481 8919 2966 5122 5643 1238 5962 5715 5507 1668 
210 3232 6128 9801 4346 3359 3690 5087 885 9952 5640 7280 6779 3103 4199 7153 
211 3237 8857 4346 2507 3875 6779 3833 8485 3724 9749 6006 6008 5095 9607 3103 8134 3877 2615 2 
212 2133 2347 4346 2507 3724 5633 1330 9607 4878 4176 2533 3237 322 6128 2888 6570 991 2409 8134 4765 2 
213 1856 3865 7033 1101 9910 3237 2133 4346 619 1649 9826 9525 1485 2433 2409 7280 4855 105 7120 3877 5715 
214 6988 619 6128 8500 4346 6566 3724 7731 7458 2507 4236 9545 1667 9751 1856 3103 4765 7902 5762 2 5715 
215 46 1856 6006 3223 3237 8759 3162 4236 4765 678 432 4962 4878 5243 1325 5014 3914 321 
216 5633 5377 1747 6484 4346 7618 6128 7254 742 6006 3063 9205 875 7592 5095 1607 6938 9533 5715 
217 4495 1359 6128 4288 7094 3517 6559 6980 4346 7280 3232 2437 9533 4765 5962 
218 5777 3724 1856 368 7054 6463 1446 6128 4346 6839 4384 1629 2227 4239 4647 783 8406 1534 9545 79 
219 1110 6128 2945 5458 8369 5238 9024 9381 1747 8047 1355 173 5715 9533 321 
220 4815 4346 5576 7280 6006 12 2159 1856 1526 3237 7902 5843 3742 5014 7033 1877 3073 5740 5030 3023 5962 6692 2 
221 1856 4011 1500 2133 31 6098 8047 3690 4738 9607 8695 527 4346 5254 4199 9533 7652 5715 427 
222 6128 1928 8500 4346 8047 7701 3559 9849 1856 46 6955 4815 5643 2198 5784 5507 5715 2 
223 8047 1954 5777 742 3798 9952 4346 1824 5087 8886 1578 3237 8500 5095 7511 3935 9545 5458 2 
224 4346 1099 7390 6692 2133 1143 9751 8500 466 9737 8537 3276 6021 9952 5784 5715 8406 8491 7153 3012 427 321 
225 8047 4236 8857 8129 9052 8692 5306 1221 3517 2320 8500 4765 6692 
226 4346 2133 5095 5306 1856 6128 432 8537 2339 2615 4989 890 8047 742 3103 5643 6692 5715 
227 6098 5014 5306 4346 5095 8019 7964 2347 1506 4710 6128 3082 1649 5784 1856 3004 
228 7033 1856 8692 6128 5806 3237 565 5175 4775 596 5136 9183 5979 5111 7579 4346 9299 
229 4190 432 3223 6272 6128 8581 1856 2133 5238 8776 5879 4878 7746 5175 4765 5095 2 9842 
230 6006 5095 9910 4346 6128 9605 6668 4392 752 2507 705 8694 5843 4765 3232 5715 3032 5458 9244 2 
231 5784 7885 7280 5642 6344 2159 6772 4057 5906 2380 2241 4346 1856 1442 1676 5105 912 6692 4765 3032 7864 8406 3521 2 427 
232 3585 1485 1222 3875 8047 2424 1856 9910 31 6600 3032 8026 5645 3232 4346 4765 6692 2121 2 
233 853 8692 4346 3321 8026 156 8537 1943 5030 8172 2899 4506 5458 7579 5095 4765 6021 9545 5715 
234 6128 8857 2615 5642 7592 2339 2507 2949 5458 2204 3321 1667 3232 1649 6692 9545 
235 9750 8825 8047 6128 660 9971 2259 5633 3517 3232 6830 8134 7120 6692 4765 5715 
236 6128 1856 6006 4878 985 7189 6463 3321 3724 3029 5478 1649 5458 6692 5643 2 7652 
237 2133 4346 8500 9849 7766 4930 5095 4622 6559 6128 1690 4236 3029 3724 1869 3232 9607 937 5507 3894 2 
238 5642 4346 6976 875 6128 3103 1100 3321 2615 1824 2888 2159 7033 3232 2095 7143 8406 6938 5748 7120 5507 3894 2 
239 5633 5243 4878 1856 2315 4756 4374 6847 5585 3336 919 4346 3875 5095 8406 
240 3833 3865 1714 4848 4346 8537 5585 3162 9536 5095 9506 3073 784 46 7280 7266 427 
241 4346 9753 9952 6128 742 8779 4006 9910 2507 6006 9607 3259 5458 2986 2013 3103 3012 9842 321 
242 249 3833 6128 8943 3237 6284 8933 5585 1649 7465 1500 4871 6938 2095 3032 6692 7652 321 
243 4492 3237 3103 4878 6228 2039 6128 8304 8500 3993 3462 2899 3276 5014 9075 4765 5962 5715 2240 
244 8381 5095 8919 3875 4530 3237 9907 6093 1856 4887 5971 344 5175 9607 4346 4176 5962 7652 
245 2133 8856 1039 5576 2106 6930 7046 3321 1856 3724 7809 5777 7266 4176 5458 
246 1856 8537 2400 3001 8692 4346 3237 9907 5095 3223 6128 8500 6228 9607 5746 718 5962 5715 
247 2133 5916 6145 4765 784 4006 2139 9612 3063 3232 1714 1509 2831 6692 6178 4346 3073 3103 9545 7902 
248 1856 6128 8047 1094 5238 2133 1485 7033 4364 8500 8189 5821 660 3032 6938 
249 3517 2133 3321 4346 4231 8933 9751 4236 6559 2507 1714 2409 6099 5784 3276 9607 4765 427 9848 5715 9545 
250 6128 3321 9952 2899 7405 7592 4236 6228 3336 2831 1954 8919 321 
251 1856 5095 8500 4172 4346 1747 619 8026 9589 6128 6220 3221 742 369 7266 9533 3894 6938 2 
252 1330 9183 9860 6128 6228 7046 9952 1485 4346 7191 8537 9607 737 6692 6021 9533 427 3012 5715 2 
253 890 4346 3033 4011 6128 7632 2053 344 8728 8500 1099 9944 937 569 5643 6692 5962 
254 5716 4346 3724 5511 1747 2241 2757 4765 2095 1856 2966 9952 6945 5633 3223 5645 8759 875 5507 8775 6692 9545 5962 321 
255 1856 5633 6128 7094 481 2133 2649 5105 9952 2339 596 5866 5254 1774 
256 4346 4817 2241 890 1856 2724 9934 2507 5716 4682 8005 5784 8333 3232 4765 6021 2 
257 5585 1649 5777 4287 4878 5315 2133 8039 2620 1506 638 5095 4346 7932 6945 5219 3032 3103 8406 7652 5715 
258 6228 432 2339 2241 6976 7390 2133 8537 3724 6559 2204 8776 7266 7280 3103 9533 
259 2133 8472 4446 5315 6847 2891 4346 9589 7266 4176 6841 8262 784 8776 7669 8333 4236 3032 9299 5507 6938 
260 5095 2133 2490 5326 4776 5315 6779 6093 5633 6128 3237 2507 7254 9545 
261 1856 2956 6128 7465 8857 3875 2133 6368 814 2748 4346 742 3232 9533 
262 6128 1856 6006 8934 4346 8856 8472 7033 2507 2574 932 8500 9489 7579 9607 5962 6692 5715 4199 79 
263 5095 6559 2095 4878 7175 6006 275 6847 5594 8333 6128 2139 4894 6839 1747 622 7120 9533 321 
264 2631 3336 6083 9026 3237 5095 6228 8500 6006 8857 3317 435 4878 4346 5715 8134 9545 5962 
265 4346 7054 7033 742 6128 2320 249 5243 7982 3964 5122 1384 8919 8759 289 3232 495 1647 9607 6296 5507 8406 5962 5715 8994 
266 6006 8026 7579 1330 6128 5095 280 584 1856 6232 4063 7046 8333 8456 126 1784 5175 6692 5507 3032 6021 
267 1856 4057 4346 6405 2073 1500 6128 2945 1594 288 3150 9749 9607 6955 7678 6021 3032 4199 
268 2133 1500 8537 9589 1607 2888 4346 3697 1330 9387 322 5427 8745 912 8406 
269 9907 4374 8500 6093 619 2133 8692 660 1447 7046 3103 875 4962 7266 3232 4765 2 5715 
270 3833 4346 6976 9589 6128 8047 75 7046 9607 6668 4236 3063 8460 5095 8934 925 2437 4765 5962 9533 8134 79 
271 7046 1526 368 1856 2293 6726 1330 3724 4765 7011 5315 4878 4346 4962 9907 2409 6021 5962 3936 9533 
272 1856 6976 46 6463 8857 8861 7191 2641 249 5122 1946 9751 3875 8134 444 7979 3232 937 4346 3103 5507 4199 
273 3232 1856 8779 6128 5100 4776 6006 4235 4231 3237 7120 7652 
274 2036 8262 8500 6228 3875 1856 7579 7690 596 2133 6535 6668 4346 5962 6692 9842 5715 
275 1649 1809 4346 444 9479 2339 3903 156 8500 3875 6128 875 8983 3237 5478 6214 9806 7579 9533 3012 2 
276 6128 6006 1649 2801 3779 4346 1676 7033 619 8919 9971 5095 2133 8692 3232 6692 1934 5341 3103 6938 2 
277 1649 6128 4287 5777 9910 4878 1500 3790 7982 462 4346 8500 3237 2159 4765 4647 2409 5784 8062 5979 6938 6613 
278 6128 1856 1970 3232 5642 9877 9202 8500 4974 3496 8594 7465 5122 8441 9834 5318 1653 1934 1607 6692 5962 
279 6692 9589 5458 1222 5826 4104 5594 31 9121 6128 1934 6228 4306 7310 4245 7515 4236 3623 5715 
280 9589 8472 6692 6128 2427 2133 5633 4346 7982 8857 8779 7933 2013 7153 5715 2 
281 9467 1389 8316 46 6128 89 3276 1506 4346 7777 840 635 5262 7982 2792 6692 4765 9545 5715 1774 321 2 
282 2507 4199 6960 1325 6128 619 7502 4346 3103 7579 4881 875 8384 718 3433 2700 4765 9545 2339 8134 
283 8500 6006 1747 466 4346 1099 1509 6575 1649 7390 156 5866 6692 
284 6128 5095 4346 1221 8934 444 8500 6228 8359 5306 1500 898 5254 3276 9991 3029 2481 2095 6021 
285 6128 9750 2133 8694 7678 875 9927 2075 1910 8345 5095 1856 3103 2424 2352 705 395 4346 3232 7266 5715 6938 7153 
286 1649 5511 4817 1970 7033 4346 5784 5585 4467 5826 4622 3150 6513 1299 1856 6228 991 4878 5122 9545 427 
287 4878 6128 2427 9750 1856 5629 1667 4392 1974 4530 1649 1556 4765 8919 875 660 3103 9607 5962 5715 79 
288 2507 5823 7678 9589 8476 8745 2433 5122 5585 1856 1222 3029 4467 6306 3032 
289 2702 3237 3875 430 8500 4878 4346 2159 3496 3029 5585 2507 1500 2700 8384 3103 9545 6938 
290 3865 3223 5633 8047 1856 1389 4346 6128 7579 4184 1824 5585 9545 3232 4943 9751 6692 3104 5095 7280 5715 6613 2 
291 6066 8500 8919 3724 5585 8149 7919 8047 5095 6569 4245 1856 4346 9952 8776 3877 5762 6692 4765 3103 2121 
292 1598 9952 1856 3103 7711 6246 3237 4346 8500 2899 6559 2400 249 5095 6692 2480 8333 5507 4199 321 
293 2241 4083 2133 1511 9869 5594 6128 2320 7511 2227 3496 7994 5106 4765 5122 
294 3237 4346 4878 1676 8694 1330 4288 2133 2241 1970 6006 2095 7120 5962 9545 5715 
295 6006 2133 1325 5642 1094 1649 1747 2362 2039 3073 5594 249 3742 7266 2409 369 2095 7997 5962 
296 1856 275 7046 2758 9545 1649 6128 4288 5458 3276 4184 4346 3515 3833 3004 5762 4199 321 
297 1856 7033 3724 742 9373 7766 249 3223 6966 4346 875 8165 3690 4236 1110 4765 2 
298 275 8047 9320 3912 6711 8460 4346 6006 2339 853 5095 1934 3894 6692 9533 8134 5507 
299 9680 2400 3833 5423 1856 2433 8047 2945 2520 5760 58 4021 8189 2437 9545 4199 427 2 
300 6128 2095 3223 5122 4847 4943 9174 890 5128 4346 1649 1934 344 266 5979 9533 6938 5962 7652 
301 6692 8919 9799 4878 300 6839 1754 8262 4346 444 1607 2073 5633 3321 2339 1824 8355 5095 3032 3875 5962 2 
302 6128 2347 5306 752 2507 8692 8500 1325 3237 4765 5954 1856 7579 5095 4346 4647 2433 444 5507 9299 4020 7153 9968 
303 6128 6006 2227 9910 7579 1649 2133 1747 3150 3237 4346 6093 8017 2013 427 7652 79 
304 2133 6128 3237 1030 7370 7994 8856 3690 4346 9240 344 9749 6692 5715 
305 4346 4236 2520 7054 6668 4875 3063 8500 4878 7046 2899 6779 89 3103 
306 2945 9749 5095 8945 1856 4346 7579 5777 6960 1649 1452 6692 9039 9024 814 3237 3875 9952 4871 7932 5507 6021 
307 6128 1325 3724 4346 1910 7280 4765 5315 3833 6779 9971 7384 9952 5826 8934 2204 5458 399 9545 7997 
308 1088 8047 9589 1856 6980 5095 2133 2507 1653 4287 2831 742 9907 4647 4346 4765 
309 2400 4346 1747 9952 1099 2339 6128 8500 2133 1598 2507 4878 8354 7266 3377 9533 5715 321 
310 1747 7592 9479 1649 737 275 3029 1446 9952 3724 1404 5095 4346 427 3877 321 
311 1856 5585 2888 6128 2106 3938 9183 7191 5095 6668 86 3237 4680 4346 4236 9607 8406 
312 5095 466 4859 6128 8500 6093 885 2507 46 5967 5979 4184 660 4346 7266 4765 2 
313 8500 4346 4245 2964 1325 1263 5464 1649 6128 2507 619 4643 3081 5507 7579 5645 9545 5962 
314 1856 6128 2133 5095 3690 5916 4815 8537 3223 9910 8500 5254 5397 7822 6692 4346 
315 1856 7046 3724 2133 6128 1747 513 4287 7266 6066 1649 2507 8919 5458 3103 7652 79 
316 9479 6093 8333 3763 3103 1965 6559 2095 9631 4346 1684 4057 2133 7919 9607 1774 
317 8776 1856 8857 444 2507 9506 2433 2409 898 375 5715 2339 1649 4878 6021 4346 6272 9907 6128 3128 5784 6692 4199 79 
318 1856 7632 5777 2400 1138 6559 5643 2315 6966 4346 1649 7001 4756 2945 8919 9944 6945 737 7511 742 6021 2437 3103 7652 8406 5748 
319 5095 5238 8047 6128 4346 1856 3237 665 6655 3384 8591 9468 2159 4878 7579 5784 8333 7266 
320 3029 4346 3875 1928 1856 5254 2964 6128 2347 3393 7191 5095 9980 2159 2966 395 79 
321 2095 8475 249 6007 5267 4236 7099 3232 4346 1099 4943 7465 8856 1856 5916 3124 7266 6635 7280 6021 9533 5715 427 7153 
322 1856 2133 3029 2241 7555 8581 619 4357 1099 1747 5095 3103 5643 3023 5962 3877 
323 4346 6128 1856 3517 8500 1934 1325 9489 1649 4762 508 9524 8695 9299 3093 5095 6692 3728 9533 9075 
324 8857 875 1355 1856 6006 6779 4676 8500 6128 6171 660 3232 1934 6692 3103 
325 7280 8692 1856 9121 3979 8500 5777 6298 5315 6006 1649 8553 3232 7367 2615 8487 5095 4346 3103 6692 9834 
326 885 1856 4346 8304 5095 184 2133 8849 4616 6848 9952 8668 9589 4878 2073 6128 2260 3032 399 5715 2 
327 1856 3690 2437 4847 9105 2507 7690 7678 4878 5095 9910 6128 2347 7579 7919 
328 4585 4346 2159 1485 3496 6093 7979 1649 3253 7280 8047 7033 2133 2139 8456 9848 427 7120 6049 
329 1856 3496 8047 9910 2133 9749 9288 3136 8369 8694 4346 569 7266 4765 9533 2986 79 
330 6128 2095 6006 3724 1221 1856 3162 3517 5633 3790 8856 3032 3232 5122 3103 5962 7652 
331 8692 6440 2507 619 9155 7701 5095 1330 2133 2964 1659 3982 5715 79 
332 1649 4346 6988 619 1446 5208 6128 432 8692 5640 5585 737 2409 527 1934 6938 321 
333 4878 1824 1856 8779 6515 7465 3223 6660 2507 6006 6895 3836 4765 9545 2240 2 2288 
334 4943 4839 3237 5095 8694 8262 4676 4878 8933 784 8919 5645 5122 1325 508 1856 8506 7902 4765 3232 8396 2437 79 3877 321 
335 4346 9205 2133 6533 1506 3875 8582 1447 3302 7073 1649 4579 937 3724 5111 5122 5458 3936 321 
336 9907 8849 6128 5979 7511 4346 4776 6712 9545 4471 1910 8122 8047 5458 9729 8036 9174 8005 742 4855 6021 5715 
337 5633 5243 2159 1856 8776 1446 5916 6128 8047 9381 3237 2307 1934 4346 1330 8304 8396 3877 2 
338 1856 164 5585 6128 1934 3875 2507 8919 3029 4346 6668 8563 1954 8849 3944 3232 7266 7240 5962 6021 
339 1856 8396 6151 376 2546 3724 6668 4116 1653 9751 6128 4790 9907 2474 8919 3652 3801 
340 1856 6128 3124 1030 1649 9952 4346 6559 6098 3162 2893 3232 2986 321 
341 3724 1099 6006 7635 8594 4346 9369 2507 8877 1856 4176 9607 9506 2139 3877 3894 
342 6405 4245 8500 5243 875 3779 5254 4346 9774 2859 9589 8902 6692 5464 527 8406 6021 9607 3232 7266 4199 5715 
343 5095 9924 1856 4346 5633 9751 7465 1506 960 6128 912 6006 4765 1099 9750 79 
344 1856 7033 452 2507 875 4989 6128 1485 4346 1934 8751 3875 7820 2095 3008 1804 7579 6712 3836 3877 7266 
345 8047 6128 5100 566 9155 3517 5243 3103 5979 2409 7054 742 5451 4346 5254 6692 5122 6980 427 5715 
346 6006 1856 7579 9121 3223 5640 8679 4409 4346 6128 3790 9589 3103 6692 5962 
347 4346 6128 885 8485 466 9907 4172 4006 4878 6668 4190 3237 3468 427 
348 3489 1325 8694 8047 2180 3162 6006 1649 6463 6368 2652 8776 8134 
349 8500 4817 6128 1934 1856 6006 3724 6569 1054 4346 2133 7932 8919 5095 3032 4765 
350 2089 8008 3844 5306 1856 1649 1099 5594 6128 4346 8991 5095 3798 527 7266 3232 2962 
351 4346 1856 2409 3093 4878 4647 9506 3232 8919 531 1809 1824 4680 8333 7932 1934 4729 8679 3905 6792 1649 4011 4765 9907 1395 6692 2986 
352 853 9589 6692 3865 2409 1856 9607 6128 89 6839 5914 5884 1355 7280 4346 2159 7266 8047 7822 9205 1934 5715 5340 4855 8005 9533 321 
353 4723 1856 6649 5095 5511 8500 4346 5594 6128 275 9952 8122 8701 5105 6344 8062 5643 7902 3032 
354 5633 2490 5060 12 6151 2133 7264 4346 5979 2106 2347 9589 9907 1649 7266 9533 79 2 
355 1649 5095 4236 1986 8563 7033 7405 2106 8857 5140 9952 1699 4245 1099 6285 2507 9607 3232 3103 3936 
356 3833 7266 5642 8692 3150 6128 4287 3742 5225 1856 9952 8929 1598 4346 4765 2704 5063 2 
357 5095 7046 8692 6006 9952 8872 6684 350 3237 4346 2133 4815 7579 2013 3103 5458 5962 9299 
358 853 737 7579 3833 3237 6128 6272 4346 8500 1856 3032 6013 6559 8692 89 2095 7511 527 5762 9533 3877 3894 
359 6128 5095 4762 2095 8826 1221 8694 2507 1039 7280 7011 7592 8500 6692 4346 6049 
360 2241 3162 4346 1447 6344 89 1372 3517 2507 6668 5175 9533 7652 
361 1856 4346 6006 6128 2507 8500 5201 3232 619 5979 4405 3223 9205 8987 4855 
362 9024 5643 9607 4817 8857 3724 8500 3213 7280 7579 3259 2496 5095 1856 4815 660 7596 7669 249 3107 1405 4346 7710 7153 5962 2 
363 6128 1934 5585 1354 9952 3223 3875 1659 5452 1856 4346 8500 9205 9751 8776 9777 4647 5715 
364 2241 2133 9052 912 885 8262 4910 7191 9749 330 8047 7266 2095 3232 6692 311 5962 3936 5715 
365 4878 3237 4346 2315 1856 5642 4643 7306 9017 1389 2507 4467 4016 9560 9480 6030 6938 4176 6692 3830 5715 
366 7624 6128 7145 8500 4878 1856 5784 5095 2133 3232 4287 5060 4546 4190 9907 4245 3875 3103 7266 5715 9533 
367 8500 2763 9751 8919 3385 5642 322 2507 3150 8701 3063 8694 4199 7280 5962 7652 
368 4878 1509 6228 8472 6128 249 2792 7145 2620 2507 733 4346 340 6692 3103 3232 4199 5715 
369 9910 344 1747 8943 5315 322 3073 5157 2831 2106 3232 6692 6635 4199 
370 1856 6831 6559 5914 9205 6501 7190 619 4839 4346 3690 3875 8396 4176 
371 6128 4346 6006 5452 12 6779 5594 4815 8047 2133 2437 5095 6945 1934 3032 3103 8406 4108 569 3012 
372 8047 6692 6128 3237 2133 5585 4603 65 4346 9479 4172 2131 5122 5219 3232 7997 8406 5715 
373 1856 2706 3162 5585 6960 619 8354 6559 9980 3601 4346 6049 4199 7652 
374 6692 9589 8701 6006 3266 1099 1037 1856 9910 5843 6128 4346 4765 7133 4199 8105 3836 
375 8582 6405 8500 6779 156 2507 3875 3328 4859 5159 1856 3120 5095 6021 8512 7266 4314 4020 321 
376 1649 2159 6779 1856 2133 9910 4346 2527 6128 4878 6668 8047 7902 5318 1647 3103 5643 4765 79 
377 5315 596 3103 6128 4878 1970 3875 6293 4298 8500 1856 9751 737 
378 4236 9024 1099 1033 2433 4346 9121 9098 4752 4506 9589 7229 3032 6692 3103 2986 
379 8692 8500 3232 466 1389 8047 444 8122 1442 9033 1971 1649 8998 6093 5318 4269 4824 5962 
380 4680 9907 6559 8759 5585 6128 7612 9276 3724 8047 1910 5833 1869 5767 3103 8130 3877 9545 
381 5765 4346 2899 5585 6066 784 9205 2133 9614 1856 2409 2507 5095 8130 9467 3103 
382 1856 6006 1649 4346 5784 1660 3103 742 2133 898 249 5629 3619 4282 2507 4765 9907 5175 5095 6692 5962 3877 
383 6353 6128 6692 5479 5380 7033 4346 2757 2133 249 8919 2241 2507 9589 3232 5715 9533 6938 
384 5585 8129 1856 1824 2133 3232 5784 7046 2427 4829 4765 3237 9633 435 5095 4729 9545 
385 4346 4878 156 1649 5306 2507 7964 7592 4392 2106 5095 2409 5633 6228 5784 9607 2 
386 7046 4346 2339 89 5828 1604 9288 8500 9589 5633 9113 1393 7391 2409 5458 427 2 
387 596 8537 6228 1747 8943 2084 7992 4809 3213 66 903 5318 6938 2 
388 8047 5225 5585 2507 3833 7571 1355 4643 1824 5315 6692 5767 4346 527 3232 444 3032 4199 321 
389 7046 1856 8537 4346 3237 9907 2942 6151 4871 2400 1389 2763 4184 5095 2409 3103 6692 200 5962 6938 321 
390 1856 7266 2133 2507 4676 4346 3724 5095 5629 6128 1824 3162 2945 6692 6021 912 3865 3905 6049 
391 4325 5511 6128 4346 4859 3029 2133 4236 6980 1487 3223 3875 7579 762 2362 9940 3103 5715 9545 
392 4125 5238 9910 1099 4346 3136 6692 2619 3724 6128 5254 2615 5643 8406 321 
393 1856 9479 4765 5095 4585 9907 2507 1699 2942 870 4298 1714 5122 3103 4346 8333 321 
394 5633 3865 6006 306 9952 9052 6128 1500 1030 4859 1869 2409 3232 4765 
395 4346 2888 6128 7579 6559 7111 1039 1330 9801 5122 444 5585 8458 5254 4989 4176 4765 
396 985 7280 8500 2507 7765 6693 4839 3875 1714 6128 3063 1747 7405 9633 5095 3232 6692 2 
397 596 9589 6779 6128 4859 9607 3321 885 5585 1699 1824 7579 8692 5507 3032 5962 5715 2 
398 853 1856 875 1251 2400 5979 539 6128 5254 2691 6976 4855 9533 5715 
399 5914 1856 619 3724 9607 9927 6570 2261 4776 65 1330 8788 5318 4765 5962 5715 
400 1856 6344 3223 4346 4878 9910 4467 8692 8047 6128 9907 5784 5095 8500 46 3875 7902 3371 7266 5962 
401 6128 1768 8802 7280 3855 8849 7579 5095 8500 2945 46 3724 3833 6692 4245 6827 6021 7153 5962 2 
402 6128 4236 6006 6050 1856 2133 1714 6847 3232 9952 6352 3237 2507 985 2615 4346 6565 3877 1238 5715 
403 3232 3150 4183 4346 1330 4030 530 737 2159 6006 4643 8036 3103 3880 444 742 2698 3032 5715 6692 
404 5585 2159 2507 8857 1325 4006 9467 5791 527 4346 4680 2347 3237 3232 4886 9075 8406 
405 6988 5095 1649 5643 2133 3162 4643 4236 3724 5315 4765 4287 432 4346 4647 4878 1856 9299 1393 3936 
406 7145 654 9589 3245 5243 6128 2133 46 8047 1653 4346 1330 1231 8856 5219 5962 
407 8047 5633 742 665 7145 1856 9155 3223 1649 8500 3481 5373 5095 4765 3032 5715 
408 7191 6006 2702 8047 1649 6128 6839 40 9952 266 9607 4346 3237 2858 7266 2 
409 9904 5633 6726 5777 7033 9288 3063 3879 2133 5095 7671 2180 4346 4776 2095 5254 7266 7120 
410 6098 89 4011 3690 3029 4530 3237 2241 9381 466 6884 5642 5122 3865 4765 8406 4962 5111 8333 6021 6692 9545 5715 321 2 
411 4346 6006 2945 7766 6988 6559 1408 6779 9390 1856 8776 2461 6692 3032 3836 6613 
412 1856 3237 7502 8919 6228 4346 8026 2133 9849 8047 4676 8500 7919 2095 5458 79 
413 4346 6128 5633 4287 7046 5585 5979 432 9373 8304 322 742 5095 9836 8692 5458 7266 6692 3012 5962 
414 1856 2507 6006 596 6128 7280 9952 5979 6405 6225 2180 1747 4346 4729 8692 5095 4765 5507 
415 1485 8354 1856 5585 6575 2966 9805 6128 898 8047 3742 1060 5095 8506 8005 3877 5715 
416 6128 8369 5452 6405 4261 466 1856 9799 2075 3081 5507 2943 9545 5715 
417 6128 8849 1856 4252 1910 5987 9751 4878 2095 8460 8886 1872 5777 9249 46 5254 4346 5458 4069 8396 2437 6021 
418 784 1974 4346 1277 8933 8919 8047 2945 4643 1797 3103 459 1493 6841 1750 8396 5821 9607 4199 9533 6938 5412 
419 1325 6559 737 875 7033 5315 5777 9589 6013 3103 403 3001 8460 9907 1389 5767 9545 1238 9533 3877 
420 1856 8537 2095 5585 6128 6603 8857 1824 5593 7073 6668 9751 4346 5254 5095 4021 7579 4765 5322 7153 6692 
421 2490 7046 2964 8478 4346 1856 9381 8047 4601 3695 1747 6839 46 4878 2182 5962 
422 7898 8857 1856 8759 9910 5760 6352 6128 5014 5315 5095 4346 3875 3232 4765 5341 3032 2 
423 8856 566 1856 9405 6128 4467 11 5095 105 2133 9952 8500 5633 8692 5014 1934 527 2121 5715 
424 4346 7266 5208 5633 3237 5642 1856 5254 2241 481 7046 3223 6960 5095 5962 321 
425 1856 1747 8500 3237 5122 275 6600 3875 6559 3223 4283 8933 3724 4346 5979 4176 1149 3509 7153 8406 
426 3237 1934 8500 5095 8886 9680 2520 9024 8965 1856 6368 742 1261 3875 4245 7266 5507 6692 5962 
427 8694 1325 6344 2133 1699 9910 3223 3162 8701 4346 1452 9907 4236 4680 8062 6692 3103 5099 
428 2133 4346 875 1856 8877 6668 1221 1500 1389 8857 9589 8537 3150 7579 6021 9834 6938 2 
429 4346 1099 1856 2507 4236 275 1714 8919 5585 2133 5095 2409 875 3878 249 3944 5962 4765 6692 321 
430 1856 4346 1189 2400 5511 8692 4817 5916 443 8840 4579 4236 4021 513 9589 3232 8316 7280 8512 2307 7266 3877 427 9968 
431 9205 9589 1856 5095 742 7054 4346 7341 8047 2362 8591 5366 3223 2339 1325 8500 4765 4282 2651 5397 4855 4176 6692 321 
432 6128 8692 4202 7094 9589 7678 4346 7932 2133 3136 4585 6847 2507 7280 5777 3232 6692 5962 9545 9533 
433 9373 9276 8221 6093 3237 7756 9072 1045 678 4859 4346 4190 1856 3103 1934 4765 9607 5643 5715 2 
434 1447 6486 5879 6779 5095 9024 4236 2159 1389 7579 5315 6368 875 8857 139 7932 4346 3232 9545 2480 2555 
435 8857 6128 742 4847 885 8500 9924 4346 8047 4762 7280 6945 5095 89 1485 4176 5715 
436 1856 3724 2133 4346 5633 6128 8856 6847 3328 6657 6692 3833 2400 6839 8934 6021 7919 5507 5962 2 5715 
437 742 8500 1856 3855 1649 8679 7033 109 4790 7046 6083 4346 9952 7746 9607 8663 6938 5962 4199 2 
438 6405 1856 742 9589 249 5640 4005 7046 1509 2805 5219 1325 6344 4346 5095 5821 6938 7652 
439 9024 4346 6128 4790 2268 3276 2241 9952 7701 3724 4847 5095 8172 5643 9533 4765 7997 6938 5962 
440 8512 596 9097 7280 1500 4261 6976 5585 5962 9751 6128 1856 2133 1649 5823 5095 6960 912 5507 9533 6613 
441 9360 1330 5030 8582 8694 3237 8991 9589 8943 5642 3601 6128 2409 5105 5318 3742 4346 5095 6692 1668 5715 9533 
442 1856 9141 1099 6171 3770 46 5633 8500 1395 9212 9911 4245 3742 2437 9842 7579 8062 
443 8692 6128 6668 5759 6603 1355 892 2499 5262 7191 5843 4006 7579 6692 1145 8333 4765 5962 5715 
444 6128 5306 742 8575 1509 4922 459 5095 9024 5122 4245 
445 1856 2133 9247 742 4756 8500 9288 840 8563 4346 1030 2433 6692 4765 321 
446 6715 2507 8369 6559 5777 9183 1099 6405 3875 3162 5593 1856 3935 7266 6692 4346 4176 9545 7732 3877 
447 1747 6600 5095 3407 3517 4516 9749 3510 509 2133 3998 1869 3081 4346 6839 444 2288 2555 2 
448 9479 6128 8759 4346 2600 4312 7592 8919 9419 4776 1039 7584 5884 1934 4765 3936 6938 
449 3276 1649 5095 3232 7555 2507 6128 7908 4493 1993 9910 4346 1500 737 1934 9299 4647 5458 7120 
450 1684 9952 4346 1099 1856 9849 6079 1649 4887 8304 3875 4236 2409 5645 5105 1121 3103 9533 
451 2339 3321 8933 7093 8692 3938 2400 1856 8047 3136 5458 2362 6692 1934 5643 9545 
452 1856 8500 481 2507 4878 875 752 2133 156 249 8802 2106 1922 2139 6692 
453 9952 5111 2506 9751 2507 6535 7820 3237 9288 890 3517 4346 3032 5507 5748 6938 
454 8857 4346 752 985 5254 4878 7979 8943 2507 2039 9097 9446 960 4116 4689 5095 513 1354 9842 2615 3032 5962 
455 5633 1856 9490 5585 3585 2133 7592 8500 4676 3162 5784 7744 4346 2 
456 6128 1485 7502 4346 9589 742 6812 9479 3237 5238 9973 8934 8110 2339 7579 
457 4346 6128 5394 6692 2133 8187 2409 6881 2352 8849 3798 9589 5105 444 2311 9205 8333 1260 2240 
458 6128 8857 8933 5201 3237 9952 1707 4236 2193 6625 6463 4346 1325 7271 7579 6692 4815 3103 3032 3232 4664 4765 5962 9533 
459 4235 6575 3724 9696 2133 3232 1856 5585 6128 1580 4346 6008 8849 3875 444 8512 2615 5715 
460 6128 3232 2888 4346 5777 8849 9294 1856 9952 4765 5266 4188 452 4191 466 8122 8694 2409 1149 8406 321 
461 594 5254 3844 4236 2133 5095 1649 5306 1812 4878 885 1330 5266 4346 5916 606 5784 2437 3012 5715 
462 1856 6463 3321 4346 8304 5222 2133 1511 3742 1659 1824 4878 3509 3103 5848 2 
463 2133 3875 5111 8537 5585 6128 432 875 9097 7579 4467 9183 7015 4346 4252 912 5095 2139 5715 5458 5962 321 
464 3321 2320 432 8500 9749 9709 3150 6128 1714 1856 7033 2095 9419 8856 4346 4765 2 
465 3103 6772 619 128 4762 559 4346 6501 6098 1099 2180 1835 4878 4236 1856 2409 8333 9197 9545 6692 6938 5962 
466 4346 4236 9183 8919 3232 1714 5306 6682 5208 2507 875 6847 1856 5643 4847 1442 6955 4765 
467 5315 1856 6535 619 6128 1325 5585 9774 2159 2345 9607 7266 3877 5748 6938 
468 2133 4676 6128 5594 2347 5315 5740 3237 8537 5095 3668 7902 2339 208 3032 
469 4188 7046 1393 5873 1500 6284 2180 6779 6182 1714 2493 2409 3914 527 4664 5095 4346 6021 4765 3936 1774 5715 
470 8047 6128 1856 5306 6657 5095 4236 6945 4011 8857 5585 8856 8412 6938 6692 4346 5643 3103 5715 3877 4855 
471 5633 6575 7046 6006 5585 6128 1856 840 6884 3155 4647 1868 6692 
472 1954 6128 7902 9996 2642 5823 8472 3844 9778 5962 
473 452 4346 3833 4236 1856 840 156 705 6228 444 6128 2507 1659 2898 4962 5715 
474 2095 7979 1856 9054 4346 4188 4878 1797 742 6839 7280 6204 5594 6171 8381 2507 9369 8692 6028 3103 1934 5111 6030 321 6938 3936 
475 6006 3232 8047 875 8802 5633 4384 6779 9924 4346 5333 5095 784 5397 6692 6635 7517 3032 5412 5715 
476 3517 104 9589 1856 4346 3519 8500 2507 4643 9749 2133 6128 1649 9751 3032 5095 2437 8134 6692 5715 2240 
477 6098 1699 1395 8047 5585 8575 6128 5394 3875 1856 7579 2437 3032 6938 
478 1856 4346 7820 3232 7592 508 619 9524 4680 8065 5452 3517 9539 8456 5902 9299 3103 5715 5962 2 
479 6006 7280 2053 6562 6128 4962 1934 1856 8476 5633 4346 1222 9150 6692 2013 6635 5219 9545 
480 5633 1856 814 9589 5087 7266 4346 7527 3029 9525 8500 5095 1752 2518 742 6692 3103 9545 3032 7280 5762 1774 
481 6128 4346 5633 2339 8500 4506 6151 3033 7018 2133 6228 9749 4261 2409 2615 5030 8062 5095 46 4245 4494 5507 9244 6613 5962 
482 1856 2507 2133 5254 3103 4848 8047 4202 8500 7046 9097 6128 8406 5715 
483 1856 5633 4346 9952 6839 3875 444 9052 289 8872 903 5714 1277 1449 7579 5014 9533 6938 5715 
484 8500 8262 5095 3029 1221 4346 7189 3724 9589 9759 7033 539 9545 1552 8333 6692 4878 912 4765 6021 8134 
485 4839 185 4346 8500 1859 1934 1325 8857 6715 1649 8485 1506 640 9467 5962 5715 6938 
486 2053 6128 8500 6006 4878 1836 4261 4069 5633 1221 5095 4365 5254 5777 4765 
487 6006 6272 8919 1405 1856 3724 619 4896 2409 2831 4839 5629 4346 3103 6692 4765 3377 5507 79 
488 5315 5095 3237 1221 6128 4287 9479 5111 2507 3601 9009 4346 7932 4765 7652 321 
489 6128 6006 5633 2862 8857 4643 892 3741 3865 7046 8406 7652 
490 8694 4790 784 2441 9996 1856 5267 5585 4643 1100 539 742 5095 2412 4765 6712 5507 
491 5087 2507 3402 4346 9405 8500 1099 8026 3517 2106 8333 8991 5254 6692 
492 8919 8668 3162 3237 5585 249 9729 8826 1045 4346 6772 104 5100 2159 9607 1750 4679 8406 5748 9533 4199 
493 5452 9952 7420 444 9879 8604 6976 6668 6220 4776 4346 3865 2409 5095 4151 9545 3894 
494 868 8500 6463 8047 2139 9729 6692 6980 4765 8776 2771 4346 5457 3619 9536 249 3232 9545 5715 
495 6128 1824 4374 9891 2574 4190 8655 3724 2106 7405 3063 5784 4346 2533 3103 9545 2 
496 6284 3093 1277 8695 1449 6128 4346 1748 9589 2931 7900 4261 3232 2986 2 
497 6128 4236 3103 2159 3912 4943 784 1325 1389 1856 9806 2261 3266 3237 6960 4346 527 6692 
498 6128 2507 3724 4346 1659 1856 2899 4723 7140 4283 3103 6692 5962 427 79 
499 7054 9589 6960 4930 8500 5777 5014 7391 6128 3324 31 3237 9356 3833 6611 3232 4765 6692 7266 4199 
