100
0 227 165 440 2378 757 249 362 4189 1501 467 134 1427 1191 1107 5534 3054 8176 1248 448 944 178 1809 2426 731 2716 929 6303 305 3689 2944 4135 681 1287 653 1412 869 
1 145 233 227 579 378 530 496 3626 4651 2378 1290 4291 201 749 4535 5227 2382 228 274 757 321 3772 902 1780 2128 3400 4727 974 460 360 874 355 1501 583 3185 1912 408 1958 968 1495 
2 244 579 278 477 604 1866 482 728 1122 909 1542 4287 1226 3666 469 3506 4651 2367 7056 7320 1404 3725 3649 7866 885 8728 997 4911 393 6269 532 4304 1278 769 5136 9749 5227 8719 2643 4247 3818 867 3774 1502 
3 308 349 214 277 291 1624 618 1321 1506 1131 348 3545 1260 739 1127 187 1122 1505 1215 2933 488 9354 177 611 4594 453 832 573 2371 3969 1779 1202 846 1114 224 148 583 7677 554 
4 93 115 107 227 371 474 178 150 146 3476 8912 3067 444 3976 1250 1229 443 122 849 567 259 7451 7260 5245 7752 9219 325 1071 6203 1032 3348 766 333 5445 1204 3975 252 4178 1310 3767 1482 
5 200 353 530 732 4651 4291 6224 5227 196 1292 2382 355 4127 6937 904 934 583 728 7252 1056 4589 490 821 2502 460 9174 2571 4134 3364 472 806 1104 6554 2208 966 5409 1343 1263 8080 
6 111 329 371 1866 1410 6224 3173 728 2367 3532 610 4127 6937 7252 1624 8601 1167 515 943 2001 440 7691 6502 542 2138 3784 1318 743 345 2072 4424 4393 3870 2841 1599 2325 4096 1585 1131 756 1173 4982 7624 1310 
7 123 241 243 156 362 306 552 176 211 349 215 817 496 863 755 950 623 538 494 580 332 839 1986 3794 2316 1050 837 643 1104 2712 634 3929 1170 3471 4371 2264 
8 81 225 579 476 423 114 233 3506 4287 816 604 1290 378 201 3725 1056 3666 4535 133 821 749 7056 7866 170 3649 1542 80 477 4356 1580 6892 327 1343 1780 709 909 8080 3467 
9 152 262 659 170 345 645 353 531 795 598 1571 6038 2381 798 1233 582 2216 1116 5451 559 682 228 3898 1046 6962 953 1439 675 5710 1257 4022 4591 7691 1930 6304 1077 
10 137 166 273 218 438 357 182 315 583 470 220 441 354 397 424 546 472 450 417 436 632 517 440 463 676 808 283 290 1866 708 236 309 4310 356 303 1737 355 5926 2848 
11 182 454 600 1135 1065 709 96 393 482 1099 773 963 1192 947 2340 601 7328 4281 334 609 7918 1320 3292 6624 489 569 1300 4062 1170 5912 2370 4538 4204 4098 570 6274 2614 6656 1958 3849 
12 498 404 1170 843 456 1867 829 1623 379 3724 862 4529 1575 7691 426 1407 2638 9749 1969 1155 593 2325 2153 3441 1061 7643 5117 7484 8699 3906 1148 901 1112 945 2192 5006 867 1263 1310 968 2264 
13 146 162 852 623 8909 143 188 1229 7202 8687 430 3099 4723 7881 4766 2384 1924 215 2190 505 5280 405 264 7284 4033 5482 2264 7242 
14 155 240 311 435 111 1307 941 876 3369 1004 2316 3001 6624 9512 1675 4977 324 197 1301 3894 4055 1687 7328 552 1135 594 1076 789 478 9595 7918 3292 1183 305 8851 1251 3986 1575 3501 746 947 339 1387 3514 2153 
15 641 535 458 753 1029 905 5451 5974 1484 2952 2339 866 4354 3600 562 2216 1962 9907 7585 612 2890 1188 6224 4508 3447 795 1056 512 2453 2181 6400 817 1581 3115 8779 2731 3387 2383 1606 9824 7234 2073 3198 9365 3774 
16 101 243 226 552 478 677 2316 1170 308 580 843 606 805 1623 3929 2506 216 2491 950 3471 9837 438 755 2321 3011 319 1438 1986 364 822 8699 166 8262 164 2857 4371 968 
17 108 105 154 127 135 227 194 103 118 579 228 355 321 583 223 803 719 472 609 136 806 4291 4651 2382 5227 90 4387 2571 7726 9174 2502 2171 5747 815 356 
18 64 81 115 258 283 238 338 177 72 160 126 829 885 1857 505 116 945 1155 1070 1061 739 862 399 669 1972 2165 363 2633 6691 3490 290 5789 6061 484 2741 3888 737 7984 583 1334 
19 234 831 494 279 1428 2546 1142 4310 3001 8719 315 606 5478 9831 9512 5618 7493 1419 176 6011 394 864 4471 1296 808 2615 1088 147 1687 1915 726 6393 1076 4106 1737 3244 2264 
20 70 72 76 132 162 157 194 180 54 141 281 259 334 238 357 276 389 299 462 470 228 364 597 482 243 400 582 121 387 343 451 469 250 313 763 2153 
21 100 165 287 208 295 169 246 314 344 424 283 487 345 505 799 584 553 458 688 731 391 863 643 984 849 919 379 5661 1888 1524 5482 2264 1482 
22 369 423 206 337 500 799 494 1461 1142 4625 4310 870 2367 2989 3156 4911 709 3506 3738 1127 5478 4247 4287 5573 6011 8868 886 1279 808 1158 2606 4594 3849 7624 
23 463 266 399 406 623 430 1866 401 530 197 855 497 2367 4723 4651 610 7202 9740 3099 7881 444 4766 4291 2190 2001 2241 507 3001 5227 155 2653 909 968 
24 399 1428 1360 2546 728 5165 9740 1655 1634 1645 1015 1088 2583 934 3271 1959 6882 733 6628 917 3878 5078 275 8480 2990 2736 7406 8719 586 1494 6135 6357 736 684 2430 873 554 6138 1671 1502 
25 108 67 98 30 97 119 143 144 155 94 53 60 114 150 327 492 95 405 235 852 505 1229 207 1416 8687 464 296 1924 104 919 731 5482 
26 186 245 291 242 264 316 384 189 282 197 256 153 721 292 270 419 594 374 253 525 462 612 398 600 822 632 902 831 729 789 609 534 510 411 864 494 977 655 725 915 485 3975 1290 
27 235 463 476 394 1427 1360 615 1981 1922 1869 367 1468 2475 329 9334 1645 3506 1634 4287 238 3052 467 5708 1047 469 6224 4643 276 8337 1393 2881 3725 413 627 9299 3304 3406 7056 5603 410 1476 166 2780 8080 3684 1671 1310 
28 86 127 1041 1170 731 843 3369 941 1107 6670 3054 8176 3689 330 7559 1004 2426 558 1623 6303 438 2384 2944 491 1003 876 436 188 2622 9837 9577 7723 7325 4977 166 3514 2486 2153 
29 155 855 941 2316 1004 876 552 1501 531 2454 580 520 6924 599 4977 1675 1301 3894 4055 436 9161 2506 9595 3929 606 1688 8334 1637 2386 1251 3501 861 2491 4911 9479 410 3471 3117 977 5031 3514 2153 850 
30 160 438 677 367 822 254 843 1170 127 1623 732 533 9837 1298 8699 390 290 2746 1191 944 1107 2812 6224 3054 8176 342 3636 2516 1303 1172 2426 9969 1079 316 583 1310 1263 2848 
31 111 732 618 1624 3173 3532 1321 2580 4259 8601 452 6224 2272 3000 7320 310 440 1131 6481 1127 8473 281 4127 9848 6937 2400 1215 869 479 8982 8728 7641 867 6607 686 4594 2371 3870 2486 1173 
32 134 143 188 305 149 265 1427 2378 1318 401 733 928 442 2272 4651 7691 5534 4291 654 6481 2325 1045 6269 4304 643 2716 5227 4135 2419 228 2382 2500 686 4740 2625 610 6607 1522 299 3677 4061 243 626 583 
33 115 146 352 440 1428 418 1307 295 479 2546 3173 278 3532 753 623 8601 901 701 2627 339 456 380 1887 6624 1934 2647 1912 1032 341 494 7585 3097 2848 
34 131 876 161 132 602 1004 941 420 153 3369 1251 1301 746 3894 593 727 4055 4354 1188 2356 9595 835 4508 2138 3501 1571 346 3001 4701 291 5031 526 3514 350 4599 8192 8430 7605 9824 290 6166 1601 2142 621 2153 1583 3097 
35 48 1041 6670 7559 74 56 766 9230 482 2610 5428 4374 700 62 405 9495 102 448 1585 1557 36 307 665 855 1721 78 3215 696 349 4765 5823 91 156 65 1395 263 66 162 3537 138 
36 115 116 117 188 240 98 318 3173 3632 3706 3532 1589 902 8601 111 2600 433 172 440 1713 3358 5974 7833 349 721 849 506 6611 1855 317 859 2647 249 184 3600 977 2591 1290 
37 162 287 183 182 472 366 687 2316 1402 1857 1032 580 5603 4701 6845 705 4309 4132 7241 1109 2328 1070 264 6121 3947 3218 405 1594 3706 9961 4646 443 5789 4310 583 728 3097 4371 1737 
38 79 183 208 349 214 291 1624 1321 1506 277 1131 3545 224 1260 739 844 348 127 35 1505 832 573 187 9354 488 1779 7311 846 177 93 2371 915 583 7677 1671 3097 
39 115 63 214 1174 795 270 399 862 771 290 801 917 147 3853 6691 3554 3401 203 3213 4547 5006 124 1947 675 630 4267 1746 3475 456 1929 2570 5921 1597 2170 3389 176 1671 
40 122 353 371 274 458 483 560 142 226 1484 362 5451 347 1250 618 2952 2216 795 554 1292 943 7451 1581 5245 9219 344 1085 5710 484 5445 728 6962 4022 2763 9825 301 1350 1734 2208 197 1310 1482 7055 1502 
41 418 519 560 538 1484 943 2381 5451 4304 6269 795 4911 2216 4247 1571 4421 799 620 9825 424 1271 798 6166 4455 2615 2142 202 1635 7161 593 5710 6962 5656 4022 816 261 675 5661 5068 583 
42 80 152 295 440 390 366 330 641 731 560 558 535 653 1191 1107 394 278 3054 611 8176 901 447 2426 2384 6303 2622 1003 2627 2944 531 2453 9577 593 365 3097 968 2848 2153 
43 135 96 120 600 799 549 538 275 1869 467 4911 226 8423 4247 4387 3406 424 7726 7161 5747 5603 5860 874 586 9770 1619 1116 5661 408 1024 7770 1382 2501 3229 2377 6281 583 1958 2060 
44 258 476 337 268 261 641 192 87 535 548 326 292 336 829 651 4625 870 732 5817 3738 4354 1155 5573 8868 6224 1366 1112 4508 1188 1972 3620 3849 583 
45 484 519 456 504 454 1250 771 966 503 1902 1229 1085 2381 233 7451 1129 2096 1501 5245 4547 6038 9219 500 5445 2570 3475 1734 1350 2454 8558 7679 4494 3999 1310 1482 7055 1502 
46 194 232 440 448 1360 829 1576 1098 669 1112 8743 1061 1191 2660 2010 2633 731 3054 1293 1051 8176 1634 6397 6869 3490 918 2837 1645 7328 2426 1253 2420 2741 3689 1263 
47 161 149 277 220 320 256 287 353 262 435 298 379 303 370 590 494 371 253 464 250 478 864 236 520 615 321 656 556 455 1410 409 545 388 492 1524 1227 3543 8719 625 985 3106 2264 867 1310 
48 458 552 194 435 361 258 8423 3369 577 2381 3406 5451 5603 384 3292 5860 444 2216 659 1257 1004 3730 2377 3550 1901 874 554 4421 282 1056 1425 4912 478 4654 2579 1965 390 2096 5710 5658 4775 4022 4977 7007 3767 
49 258 214 279 401 505 135 514 1360 583 715 357 1112 1041 2207 1051 911 533 274 6670 1972 7559 7328 6662 509 2420 2725 182 2741 3372 2343 5542 3247 1634 176 1334 708 6165 
50 492 258 442 424 476 400 277 449 257 1360 607 1895 422 1702 304 2078 2063 529 4512 9412 9876 4189 6224 843 1369 3113 1332 4129 1400 4863 1013 5016 6048 1634 3875 5443 4807 2780 3244 
51 49 138 88 112 127 101 180 345 225 487 297 137 468 90 155 2620 284 1035 493 1383 9165 37 380 274 4470 7211 287 1164 265 780 367 4946 3722 9365 
52 35 98 85 93 80 293 88 337 214 268 548 505 4625 326 336 870 142 651 192 370 5817 3738 1250 5573 1229 8868 1366 342 3849 1310 7055 
53 96 200 182 275 458 600 401 308 552 438 583 408 389 549 606 135 390 2316 697 572 1150 517 2328 1045 759 1869 6845 4132 7241 6121 1099 3369 874 8423 941 2491 3929 1912 1878 3964 4865 
54 1410 538 4911 4247 943 1416 4259 3662 1191 7161 4529 449 239 3724 1107 3000 3054 9825 4204 8176 464 2522 314 9770 1619 5661 731 8473 6924 6303 7770 355 9848 681 867 977 485 2848 
55 353 238 797 756 726 1032 967 1256 7701 2328 6845 4132 7241 6121 389 941 1045 2496 489 7691 517 1144 1848 1099 2814 3964 1624 1878 1004 203 2235 8436 3696 679 2325 1155 4153 6172 6481 1578 867 3102 1502 
56 174 222 226 379 677 728 593 1170 2316 552 2367 478 9749 7691 1279 1148 580 771 5117 1318 7484 1623 6432 2325 1151 917 243 7978 2378 3374 2500 1183 9915 2138 3057 1502 2264 4371 
57 238 418 300 401 424 505 357 669 667 583 166 651 829 1051 739 1112 593 520 533 1155 592 1061 4304 6269 816 348 474 1972 623 452 7328 2420 2033 615 970 2741 1334 2780 1495 
58 116 131 165 194 295 195 228 903 361 293 535 575 103 941 3369 934 1015 771 1318 7123 204 9872 239 7691 1921 390 698 1498 2325 4354 1330 1171 2153 
59 25 20 133 30 399 152 9740 5165 1655 183 155 2583 150 6882 169 1098 2188 923 763 878 2736 733 6135 6357 44 85 736 756 684 504 325 1156 1059 428 873 554 6138 1334 
60 125 799 424 538 1041 586 4911 4247 583 6670 6038 3001 7161 7559 5661 1382 2501 645 7770 3898 9512 6281 3229 208 7296 7114 870 9230 2599 1093 766 1687 6261 482 6304 5985 3849 
61 127 424 338 405 1032 1021 583 313 1191 6845 2328 4132 793 681 7241 1107 6121 6269 4304 3054 8176 3689 2426 1857 697 7860 1150 6303 653 572 2384 1144 3964 517 1070 9584 679 
62 177 142 141 251 206 244 82 274 352 490 94 286 582 136 185 40 487 288 334 370 423 298 318 618 6224 331 966 312 608 280 2841 3870 303 1310 
63 93 110 124 139 160 178 163 123 215 267 188 254 202 300 183 329 405 295 349 308 347 297 352 289 195 279 260 330 968 709 900 5448 859 708 1263 
64 115 143 214 123 135 179 290 235 355 273 295 291 223 418 390 270 401 363 597 204 366 534 447 600 375 277 714 700 497 719 538 571 641 1601 329 
65 1427 3001 3476 8912 1191 1981 1107 3067 9512 3054 8176 731 2426 6303 1296 2944 681 1915 2384 2527 789 1003 7260 8970 9334 7752 3986 6203 8886 653 2475 3348 9577 362 3975 6577 3244 
66 97 79 103 144 143 123 149 267 216 190 213 254 239 226 318 278 397 408 274 265 363 435 300 236 260 412 468 424 545 428 342 351 434 404 681 485 3097 
67 476 290 1174 3173 3532 3476 3067 1056 3292 8912 3506 1188 4354 4287 3976 1906 526 3730 4508 8719 349 5165 444 874 9831 7320 5618 3666 3725 7493 7260 709 7752 9824 6203 1343 3975 708 
68 115 88 164 101 438 677 504 618 966 843 1170 855 1623 507 9837 1501 8699 2746 2454 146 944 2812 390 2933 3636 394 2516 1303 9969 1172 874 4594 3309 968 1310 
69 65 93 258 238 401 829 2207 911 64 6662 2725 1155 505 3247 229 945 1112 3215 739 1972 1193 97 92 232 3490 3130 850 126 5542 7328 2741 2343 2420 329 3612 103 484 148 552 583 1334 1671 
70 504 966 6038 645 1895 4225 3898 6269 4304 1093 507 1501 6261 2454 9876 401 418 2627 6381 901 559 996 2063 519 846 599 4864 449 9412 1887 6304 2453 9161 6005 3248 708 3097 2848 
71 155 188 116 214 138 277 213 436 117 467 348 520 1624 203 369 1360 611 1321 488 1131 977 6924 1645 1265 3532 891 273 762 3271 1505 513 3117 3563 726 190 591 194 175 2371 709 679 
72 155 182 311 275 200 600 1307 681 549 366 3001 6845 6624 874 4132 4387 1912 9512 7241 1288 2398 2328 7726 6121 7651 414 1687 5747 1073 1076 458 1958 1387 4977 583 1495 708 
73 87 102 170 225 193 240 476 355 487 477 371 107 816 719 604 652 216 258 1869 909 1298 636 1542 303 361 4287 8423 3506 7056 3406 1404 3725 788 7866 5603 656 205 393 5472 261 1045 455 5860 1278 5136 7691 
74 190 197 677 822 719 538 575 1170 394 1623 1298 339 2746 9837 4247 5451 944 8699 1416 1172 2812 1484 213 1303 654 2516 3636 901 506 9969 1079 410 3662 7161 2216 5350 5661 968 554 155 5450 5526 
75 208 329 494 911 1283 2725 6662 1193 3215 3247 1321 474 1296 469 850 1915 181 8970 1131 3476 924 5233 8912 8719 608 1759 2401 498 841 1180 9831 892 7771 8271 8270 348 999 2371 3348 6165 3244 1671 3975 3097 2264 
76 390 1410 173 733 2446 777 4625 1675 2419 548 395 7749 4529 3724 9512 870 4061 4588 4345 2638 3738 5168 5573 678 1076 326 651 8868 3906 1540 967 4884 138 
77 23 54 132 177 308 115 618 320 1127 1122 1215 2933 224 4594 453 1202 66 712 1114 2648 6188 148 7105 6491 324 5463 354 3561 79 4431 41 1455 1221 1374 5432 185 725 
78 579 344 484 623 333 430 530 728 379 228 1229 8909 497 1085 4651 4723 1228 1153 7451 4291 7202 5245 321 9219 3099 7881 444 5445 761 5227 1734 1350 2653 1310 
79 126 222 183 243 2207 2316 479 568 580 6670 7559 606 1257 3247 3184 2660 4773 308 2010 4625 399 778 3929 2506 1465 2491 9230 1253 390 8942 548 3471 482 2610 968 995 7777 583 
80 168 194 355 405 275 467 903 297 401 1307 519 219 191 1869 5603 3406 358 1810 204 2377 8423 909 2035 5860 7123 9872 1921 6269 4304 745 286 580 1498 1057 4225 836 2579 1965 919 6337 2060 3975 3244 
81 297 203 353 442 2491 618 1021 997 2952 7320 1581 532 8728 817 2424 2136 1105 2771 4439 7860 228 2789 3001 6773 953 3422 7691 1992 1624 7189 9584 3199 1564 1263 
82 168 178 130 681 463 236 1506 1032 1170 2367 406 6845 4132 405 7241 2328 1279 6121 329 353 7860 844 739 1260 7189 1256 793 1045 583 1623 1144 2001 2814 697 2642 3964 1150 9584 1878 572 2138 1779 731 679 6769 3102 900 
83 171 245 318 291 363 127 256 442 424 492 449 418 502 529 478 1702 347 1360 607 401 602 2035 968 156 1029 542 1039 626 843 977 569 751 4512 5974 3600 900 1482 
84 355 472 679 3173 524 878 7860 3532 5667 7189 1257 8601 4701 2642 9584 4642 6868 2420 1056 3878 8719 731 823 8480 3618 2034 8826 2246 6117 706 700 2223 9831 2465 4309 8005 5618 5603 606 7493 6769 1122 
85 63 97 89 137 131 151 170 145 283 173 290 645 6038 243 885 71 1093 3898 399 1857 2660 2010 6261 846 996 918 6381 1253 4864 1070 4420 6304 1219 583 2741 7984 468 6729 
86 337 588 1428 756 320 1250 336 458 2546 4625 1229 651 1257 870 1032 1185 3184 6845 7451 4773 1228 5245 4132 305 2491 9219 1155 2952 7241 5445 1350 995 9514 1310 1482 
87 164 208 362 757 448 305 2378 1427 902 1501 829 258 928 2660 396 5534 918 1248 1253 1287 2716 1624 721 1045 1321 558 4420 4135 5974 245 1061 522 1412 1112 1131 869 2848 
88 40 116 121 174 203 117 301 311 274 476 320 115 220 132 367 549 295 333 192 291 727 902 2491 697 178 1624 721 1866 831 169 7559 356 1272 977 
89 106 213 222 171 177 492 423 441 173 1015 456 771 454 568 361 358 675 1902 331 917 695 503 495 1129 1257 4547 3184 3475 850 2170 968 9657 
90 1866 933 1041 1257 2367 4189 463 6670 7559 1056 6354 943 2337 3755 1425 535 6302 522 1279 9030 4354 406 1209 9230 302 174 298 203 2335 4266 6266 2153 
91 62 130 162 53 118 329 191 81 463 266 263 204 406 401 255 1866 1360 147 1279 610 515 154 542 2367 347 345 1645 1634 2001 91 743 2138 3271 65 410 2371 3244 
92 187 175 415 488 504 217 1321 225 966 446 1131 855 2371 232 199 2491 915 3969 456 2952 2378 583 234 430 618 9354 696 5214 2824 2431 7860 297 2454 252 6800 1434 9584 3097 1737 1263 
93 116 182 803 609 4387 8909 7726 5974 5747 721 1589 220 3632 7202 1116 242 1024 1047 3099 430 3030 4723 2600 7881 977 725 2653 5381 859 1290 
94 160 111 310 458 483 226 137 659 1484 795 5451 2216 186 136 4421 50 2272 6481 5710 6962 997 4022 4591 1116 1233 394 2281 1439 335 333 1046 598 1296 482 120 731 138 
95 197 263 483 439 339 538 5451 4911 1484 7320 2216 4247 423 795 8728 8912 1226 905 4421 341 7161 3067 424 5710 3976 2424 4022 6962 2339 9770 2789 5661 1619 4591 586 2771 4439 6773 7770 9907 
96 1307 803 549 282 552 1869 1250 8423 1229 6624 7320 7451 4387 151 5245 9219 3406 1085 295 806 7726 8728 5445 5603 5860 5747 7328 1153 1226 1135 7679 917 6924 7918 761 355 3292 342 1350 1734 1310 977 7055 1502 
97 274 681 673 1427 401 6845 688 4132 2491 7241 2952 2328 1021 6624 6121 4387 1981 4425 518 425 7860 1581 7726 3295 6341 7457 5747 496 793 313 583 1045 648 461 7328 3964 9584 4281 3102 1737 
98 349 307 1423 1506 4711 2712 193 353 921 3064 1634 1069 3083 1645 1732 844 1260 3545 3271 2546 7717 6608 6008 555 1292 1756 397 6480 815 7406 6032 832 1263 3097 1671 
99 293 476 336 726 357 548 870 4625 201 3369 3738 5817 771 1015 5573 237 8868 1366 721 220 3364 5974 1004 917 3620 3476 477 613 1591 3849 708 3975 
