500
0 1207 9021 8413 7561 9807 5005 3436 1470 2645 6968 3082 1791 3261 1934 
1 6205 2349 6339 2207 1924 5016 8987 8699 241 9079 548 2858 8235 2652 
2 3963 5244 5085 7 4092 3110 1216 3849 5210 1460 9231 2425 4055 3144 
3 4230 4076 6956 3453 4541 1098 7296 2247 3928 5300 5886 5622 8251 1363 2679 2013 
4 8768 1973 5232 3950 1403 6389 9878 3828 9577 7825 2413 6261 6020 
5 1002 6676 2396 5258 6577 9093 1188 4589 2006 1396 6915 8217 9169 7579 
6 6826 3143 1087 4412 5948 5621 2460 6452 2640 2028 4958 5993 2340 
7 6653 2152 6598 4223 4744 806 7265 5919 6325 2607 9615 238 
8 3188 2272 5228 1084 9096 8125 8846 5259 8994 1615 1472 8696 4120 9733 9285 5783 7997 4765 
9 4869 6062 8683 4226 196 8498 7463 6042 7873 3391 8352 1822 3113 3176 4832 3723 1125 
10 3859 4851 1303 7672 5131 2868 2067 4569 263 7854 9852 
11 1728 9745 5652 1157 7026 889 213 5072 7275 4170 1477 4875 8637 3332 9803 9464 3507 
12 389 828 2577 7916 4014 6831 580 8682 8677 436 4500 
13 7837 210 8089 4448 490 253 5188 9948 9082 2041 6999 3207 951 
14 493 7228 88 304 9914 9303 252 1114 700 1591 71 7744 
15 2959 9019 9393 9845 8874 9142 602 3061 4907 7772 4196 7782 2182 
16 1556 3673 7888 7014 9991 2295 8984 2861 8132 438 723 4216 2807 
17 7431 2243 9194 950 5907 1467 4947 6243 7128 9912 3720 6030 8343 
18 7000 8703 6502 7299 4213 1989 8332 9976 995 2076 674 8005 1105 
19 4060 5155 2598 8858 1212 976 4326 3835 2663 4988 1507 4861 5269 4998 8221 5942 3371 2422 
20 4126 1031 3320 2417 4155 9698 836 6245 4547 2596 5148 8441 7732 
21 1796 5509 215 4954 5126 5226 5551 6400 3222 297 769 2324 8455 
22 7165 1168 5679 1766 7605 4904 8860 4237 6811 6190 4528 5862 
23 3418 2451 9125 2636 9689 6475 5409 415 4313 6335 3184 6280 9160 
24 1867 2123 8989 1528 3300 2071 4964 9278 2984 9532 3717 454 5458 8671 
25 316 3027 3584 3719 3913 4666 7031 4687 7332 9008 624 6652 847 
26 732 4990 7389 6490 2724 8636 6749 9508 3457 2508 3872 689 
27 4027 5069 9982 8473 5532 4556 741 3174 2297 7055 7017 2597 9496 5842 5572 5412 8830 
28 4293 4486 2886 1694 9526 7344 699 685 1400 8931 8531 1429 
29 6920 2842 9 6702 7493 5275 4136 6787 3382 8502 9871 3355 6438 8293 5925 2114 5880 
30 7129 8538 8055 7849 2930 9744 3612 3762 587 9505 1307 3025 9742 8284 
31 1230 115 7563 6421 774 8897 4674 4551 6929 4052 786 
32 8040 4985 9838 6776 5166 5903 7890 6901 2946 6374 8523 6330 8870 7335 7664 4626 9903 
33 4086 2934 2059 7281 7358 4651 7601 3438 8915 2014 8396 
34 8792 151 9930 1664 2680 106 4513 9241 5417 1799 2077 3216 2392 4176 79 447 
35 2741 2835 6993 8511 221 8137 3185 2684 2166 1492 5156 2876 6029 2858 
36 9187 5491 5912 4874 9144 5822 5505 9409 8689 6821 653 7239 8233 
37 9640 7155 5022 5408 2402 7716 8071 1533 5882 4186 9664 802 5341 6584 
38 9235 5024 7626 2475 5338 6109 8220 6263 7614 8402 1401 8680 7162 5219 
39 4726 8835 1345 4717 1642 3958 2714 6823 7980 41 7751 1534 6060 3525 6699 476 4362 
40 9459 5658 989 8781 873 3167 268 966 9306 8648 7681 2211 3877 
41 9522 7220 5398 1906 2851 3286 2958 5548 2570 8120 574 8663 
42 3348 8354 6193 6154 8905 2697 923 555 2653 9592 3045 3731 402 867 647 4035 
43 4217 9846 9835 3529 5461 8179 8024 1648 4322 393 5884 9677 199 3757 
44 6964 2941 9780 7870 8382 2046 2510 8499 6208 8794 46 925 8910 
45 9829 6492 1440 3588 2628 4583 7060 6531 9141 9834 6500 586 8151 8429 1564 6100 8345 
46 8990 8605 8866 9266 5285 3807 4858 9124 4468 8955 9554 1043 2739 476 
47 7828 6582 6495 3349 1293 8031 9817 3679 1368 861 231 1840 190 4302 
48 3857 2871 4751 8529 3233 5384 5180 3891 7938 9063 498 3021 3036 
49 3843 4214 7434 6587 5195 6270 8192 3774 1702 557 6419 1789 2511 1444 7653 7874 
50 6639 502 1558 1691 7764 3574 3401 9528 8641 8331 7474 
51 6573 7485 7253 1439 1102 4966 6301 7992 408 6992 7043 7833 5920 626 9407 4401 1305 5762 2768 
52 5038 4761 7742 6925 6456 3954 7755 5778 9244 7699 82 8114 5284 4347 8713 1740 6938 5322 9930 
53 8549 5595 5147 1666 2755 216 9028 2838 4834 5171 6635 9374 
54 5440 3461 2530 8579 9535 5885 7793 9623 2892 1350 3586 8900 9377 5305 9901 9757 4765 6635 
55 2070 1919 9120 9429 9016 4804 5565 6868 8917 8144 9865 8977 7932 8495 
56 5615 1262 5564 8090 863 8625 5492 656 9443 7552 6662 7665 2635 2420 6447 3047 8702 4787 
57 9716 8199 4539 4865 5601 7412 8553 7525 1390 3696 2731 8470 
58 9450 3565 4140 2677 9619 6137 1565 1770 8756 6275 3776 2544 3916 9684 9688 7762 
59 9738 1727 22 8368 1801 4950 9840 6902 600 6879 8932 9013 8716 
60 7903 2457 1304 8883 4867 3386 1053 8627 6197 7508 9892 4527 
61 1122 5301 6241 2900 5008 1417 364 7662 1975 4972 7146 6692 
62 1682 451 6381 6727 2122 4481 5114 5224 3996 9682 8471 4047 6509 1900 8776 
63 6541 5390 250 1785 3138 1175 5804 5988 8953 3907 5497 5280 6087 2873 5756 8442 9518 
64 560 2712 5110 964 3217 6608 7231 2626 8013 9779 1314 4802 3144 
65 5135 6144 1546 1574 2172 2830 5853 842 908 6539 4809 1868 8811 8883 
66 7447 696 1414 413 6074 8527 1075 6972 497 7269 2147 1606 6687 6071 3706 
67 7738 3549 715 5561 6168 2492 7636 3546 2319 3651 8583 3393 
68 2551 7115 7718 1892 3961 4318 2764 9690 8305 7075 3226 9836 
69 8684 5493 1430 1781 3195 8276 9382 4951 9900 3992 6801 8894 8134 3964 3792 7699 
70 5386 3505 1586 439 6292 116 23 1897 4367 2534 3953 4379 4631 8349 3504 1790 1134 
71 286 2863 8887 3660 9338 8208 326 3467 793 7131 754 921 8209 1227 5784 4679 
72 3161 9270 4281 9622 3540 6102 4376 8603 8338 3357 5698 9146 4457 
73 6595 4837 1081 7076 8767 4995 6370 2981 2251 5503 336 8053 4079 6889 
74 3573 1776 478 2065 7651 7181 7800 5911 8243 5631 2058 
75 6213 4704 2476 8722 8309 6817 9498 1734 3693 7134 6192 1902 4949 7088 3814 
76 3841 9954 9529 1515 9736 3721 1763 9470 1431 9492 6003 1083 1788 9848 5950 
77 2815 8757 4168 8238 6642 3000 284 2963 5449 9885 84 4890 8017 8671 
78 6316 247 7004 1686 9557 3049 3594 5736 1678 204 1160 9600 
79 1908 9317 2252 1198 740 2548 374 6346 7205 1140 5302 6765 
80 4654 1319 4315 9722 5994 7166 214 6710 1135 981 2407 
81 133 7329 5456 7606 3011 9823 6640 655 3747 3048 5819 9239 5441 
82 4721 6963 3946 3749 1626 3398 2662 5124 9872 7607 4981 9798 
83 7709 6952 72 2231 1603 4533 3180 1780 958 8022 7078 1018 3008 9299 7001 
84 9636 9188 1044 9962 4842 9025 8430 3022 283 4852 5213 2615 6931 9548 3982 753 
85 1625 1757 8248 6210 2032 4350 2047 7443 1040 2485 8666 5382 5004 9111 5544 2322 
86 6734 9704 7783 7574 6110 2568 4185 5117 6237 9998 2145 6797 4385 
87 5825 4100 8804 9402 1218 6052 773 496 8736 5871 952 8493 1003 5580 937 
88 3662 9953 996 5780 1597 9981 5897 6645 4503 5471 
89 2408 9293 2263 2468 9422 2092 1203 8306 8831 8552 7799 5385 7820 
90 6547 1208 8904 5555 6548 6253 3760 7752 605 1308 2921 5304 9483 1554 8104 5880 
91 3053 5547 8586 3854 6221 4946 3771 3867 3092 1585 3378 7530 447 2932 4624 
92 9265 4629 5371 3553 6035 3181 8516 4180 8496 6551 8882 4194 1969 4971 2349 
93 3278 3325 6393 9421 4138 9185 8277 4182 6187 1138 7424 9255 183 
94 2112 7090 9292 1379 1356 839 2052 9727 1733 2086 2834 225 
95 7233 5287 5856 4264 788 8403 891 5549 3943 2836 8343 4661 5604 
96 8540 2997 1553 7971 6651 4480 2350 2916 3351 1901 1353 
97 1529 4429 2860 6674 8267 7183 4224 477 1052 7108 1267 3741 2126 5715 4150 5887 8711 
98 3716 6631 876 257 9692 7164 2068 2865 117 743 2148 136 8214 2232 3830 
99 6185 4330 4648 9038 5639 2780 9099 152 299 188 7553 
100 7241 1498 4050 1192 5708 34 4856 6488 9252 6125 4501 5194 1118 2212 
101 5800 9567 8307 6231 7550 4740 7276 6849 724 9077 1295 634 8748 7439 5156 
102 9271 2647 9857 6286 3755 8074 1313 4600 5376 7885 6630 4679 2327 1429 
103 6157 7234 4986 401 1196 7556 6347 3932 969 3341 2605 3936 3241 3567 1079 139 
104 3522 4808 9530 2998 9357 3909 7996 8158 4438 5933 5240 7007 6537 8462 5762 
105 9312 9225 7586 4038 5334 4902 122 6279 9702 7240 2650 4957 7320 
106 1357 543 7079 2726 2528 2789 6211 2629 1310 5333 1668 7902 6101 
107 9606 9137 9632 4290 2961 6471 5138 3838 1831 3019 1437 1950 3103 
108 5704 5006 529 6160 3206 6126 9234 5256 540 4286 7578 1832 8506 
109 7925 5769 7327 9031 4538 6713 6805 4793 6355 8043 
110 1581 7967 8598 8351 5053 5141 2887 9575 7750 6989 9411 3490 1213 7147 6772 
111 9593 2472 9449 4474 4991 113 8374 4519 8761 3923 2422 7481 3936 
112 9610 2634 4823 4750 6949 9389 9184 4952 2987 2018 1273 6331 9608 
113 278 2061 882 1839 5049 6854 1458 4396 7921 1071 1852 6945 
114 5399 7874 8167 1488 3887 9723 27 79 9616 6586 5665 4319 5063 3602 
115 8765 54 2290 1631 538 8652 1818 8146 2218 7428 7223 
116 9161 3530 396 62 3501 1134 6034 9746 222 5152 8145 7615 3528 8794 
117 3024 935 4558 9949 6516 6789 6108 2734 2718 5422 5513 7120 2013 
118 2586 1479 9363 3058 492 5636 100 3031 4840 9086 4939 9432 3894 8027 4317 
119 505 2537 1298 5466 4274 4873 7138 2922 8810 5094 1580 9034 5816 176 6838 6967 
120 134 7633 3198 6120 4130 9494 8076 4112 9065 6296 
121 8750 8203 2571 5247 4720 9192 4277 4167 5090 178 1844 4285 1984 1265 6454 
122 468 5917 3451 668 6560 2494 4754 3454 4633 2081 5245 8159 3329 9501 7669 
123 2279 5929 9988 2989 5788 1476 2857 6578 5829 144 80 300 3158 5108 7133 4526 
124 7157 7072 1722 6896 8951 2504 179 1334 5989 6326 3981 3603 
125 9040 6900 8674 1362 1152 9786 5052 5662 5578 2199 8675 3073 9545 9301 9139 
126 366 4941 5442 8289 3017 4780 9874 552 688 5500 7273 4649 1290 2171 
127 9073 6832 4883 2099 5414 2517 4082 7991 1687 4824 
128 4363 6954 4948 6262 5246 3631 2042 6882 1850 4813 7557 1223 3509 6827 2414 
129 1988 9694 2367 9404 4424 2539 3449 8091 6891 8400 385 2321 
130 5330 353 9280 491 1468 713 6936 8410 6978 4901 270 2707 1710 8125 
131 8423 4977 6155 2926 9989 9679 4573 6282 4450 5519 8718 8617 4700 4831 1106 
132 3972 8724 4087 1144 9380 259 1787 5538 8839 4375 3492 2141 399 6161 6537 
133 545 9576 2150 1896 5176 8190 5608 4672 3365 4490 245 9323 3836 8062 
134 7513 6115 3622 7609 7588 7639 7908 6427 6846 9540 434 
135 2034 3653 9461 5664 9861 7624 4685 5588 78 5146 9839 2155 6970 6778 
136 4107 7466 4777 8515 781 2196 4535 4103 7283 7930 9940 116 
137 4880 423 4008 8253 3442 9049 3480 5367 6869 2583 
138 7444 8710 8056 5559 8193 3074 8181 3542 8391 5540 2103 7649 8938 647 4901 
139 7628 8890 8609 929 4470 3263 1968 6937 4121 2184 9268 6365 7917 3230 5748 3160 
140 3664 1907 3590 3628 7792 2848 3280 2459 818 3474 4365 
141 5637 6048 8012 5346 7069 1186 7995 6766 8923 8968 8950 753 7280 
142 7201 7408 4195 2736 9517 6089 7371 7380 6387 4614 7361 4959 8209 
143 2431 6724 1895 5144 5293 7180 2678 6303 7179 7936 3389 4382 7610 9607 1979 
144 7461 240 7714 2582 3476 4328 1917 9552 5949 2555 6982 
145 5687 8186 1693 3411 6961 6750 6139 5055 9714 3044 4099 7101 5645 6465 
146 3084 9110 3831 9673 5982 8727 3514 7173 8783 7509 7929 4967 3012 
147 2896 1042 8554 9791 9968 9207 820 6396 4594 7351 7694 9222 5605 782 8344 1963 4884 3316 7088 
148 2183 2215 1383 2240 4472 1085 2521 6783 4053 1696 1595 5426 9652 8723 475 
149 4407 229 9710 2670 6592 8766 9434 800 7547 961 8646 2029 5014 5507 
150 5401 8025 7427 7741 3580 6744 6523 2169 2370 8962 8263 8910 2892 
151 9102 8785 2007 7587 6276 2908 6561 3672 5558 8930 7153 4340 427 
152 2785 2289 5660 4048 8845 1912 7379 5744 1335 5968 3512 444 7864 
153 8862 9305 6165 6796 8298 2421 4653 8425 983 367 9831 8386 
154 9316 1663 5086 2654 2414 9157 6971 5840 5347 2113 4836 8193 4377 
155 7734 4093 3744 1142 1038 9926 4923 7960 4229 317 9510 7517 9573 2288 
156 9351 3629 3041 9424 8092 5158 1909 4144 5068 180 569 5855 3885 
157 926 135 5467 5204 9112 4142 8664 2656 3183 6467 
158 4908 8215 7688 854 3869 236 7235 9472 1049 7377 8770 7759 6044 
159 871 5335 5674 5731 3739 6460 1756 4275 5477 6410 146 7673 993 1625 
160 3494 6379 8780 4241 8010 2550 7963 3014 9732 3521 729 7568 
161 1195 2365 1056 1039 2190 3576 2341 7367 5713 9147 3552 69 9455 2715 8581 6672 
162 472 9011 3600 8821 1169 9820 5192 6022 3302 1636 2074 7055 
163 9398 6506 9408 8057 8803 6020 5059 2869 6688 7127 2630 1299 1263 9580 2666 7949 
164 9132 5389 7249 888 4505 1871 3613 8050 3326 6680 7365 3068 917 1987 9075 7133 
165 9693 1394 8717 3920 2682 766 4206 8297 8964 7698 2927 2892 7429 
166 3926 5867 3383 5134 3338 5999 5036 3966 5732 945 2584 4801 2657 935 2264 
167 1708 7213 348 684 4588 3772 582 4017 9463 4983 2062 5775 7519 9933 
168 4914 9671 2953 1576 6609 3641 6905 6567 7541 228 7087 2437 6785 
169 2049 7730 7807 9015 5186 7305 103 9644 6742 1956 
170 8850 8272 3625 5251 9597 2249 6217 1453 397 6337 2752 
171 2326 9036 1064 6861 7237 5609 6092 4797 5990 5814 1617 3163 5924 3015 3374 1904 7652 
172 6002 3667 1392 2690 2800 5960 3012 3738 4096 3163 9990 
173 5552 3050 2766 6740 8225 4266 8773 4698 8942 1634 3802 5997 3792 
174 1972 9621 5047 1619 3316 3980 6131 8373 702 6200 1568 6356 8223 
175 8416 2515 3536 7156 3850 3458 2595 8103 3271 6176 6409 3432 
176 5961 193 3429 2531 4532 3990 9862 1343 7348 2770 3884 1800 1613 2898 8487 2409 
177 835 510 3218 4610 7827 5675 4882 4638 4232 4359 6687 8994 
178 2329 4323 7915 1246 4061 2693 3534 4975 8133 1823 3240 4378 
179 6706 7197 3116 7456 5892 9543 2453 4387 8669 5831 1183 5097 
180 3194 6188 650 8490 7859 6416 7968 6886 5321 7287 5520 4228 2796 6677 5446 
181 9784 9413 1760 2444 2008 6444 8676 3502 3665 6843 673 2288 2790 6021 
182 4033 719 5410 4487 2643 4554 7675 6358 6814 1927 203 5921 6359 7861 5643 4531 
183 8824 9484 3820 7352 3432 5153 4895 4122 7843 7739 2732 2 
184 1276 2467 5738 7225 8947 9812 8021 1161 499 6366 7045 6953 5523 8121 5848 7902 5445 
185 9514 2818 7186 9196 9650 445 355 4074 2519 3102 1641 4110 8375 
186 5119 4708 1587 8324 4559 1658 6349 3524 6867 2044 9961 4974 2343 1607 7883 
187 2314 2505 794 4242 507 6616 3910 6798 8230 3026 6555 6658 2404 7950 5143 
188 1127 8714 7680 4362 7040 7027 7023 6386 3698 66 2116 139 9444 6094 5030 410 780 
189 1371 6299 4253 6334 7683 4781 7775 1583 1275 1409 53 395 3584 
190 4956 734 7489 4866 664 6623 864 6274 2621 7839 9800 4346 
191 5651 2223 2874 6626 9841 5650 6704 7136 4370 3666 330 7864 3521 8812 
192 1463 6417 7476 9186 9313 8147 8078 771 3497 8116 4980 357 1875 9279 1986 2176 6101 
193 3766 154 7801 3072 4624 5481 7385 7454 9379 1279 3035 2165 8245 
194 1814 5666 7322 5854 7727 694 9219 5893 2194 8029 8008 6705 7889 
195 1495 1552 4963 4996 8966 8315 2904 625 6554 9311 6453 5025 1104 7450 865 9615 3077 6244 9777 2773 
196 6201 417 3314 2158 3370 5567 920 3269 7326 9896 7544 938 1971 866 
197 1353 6227 7474 6912 7622 4452 9792 736 6348 5151 4690 5122 
198 4828 4849 1601 3493 7409 2186 6224 7627 1932 8327 7407 8254 5261 3109 9842 1058 
199 7526 1146 6186 9657 5517 3627 1375 9140 9558 9416 9384 9337 5494 3819 8841 
200 483 362 6875 2353 2291 7666 9378 6058 7487 8556 7177 420 5383 6296 
201 8140 8342 8389 3745 8973 7602 4489 8650 2611 4332 7686 5057 
202 5125 2423 519 6584 3735 1193 9918 3775 9701 6136 5922 3918 9759 7053 2175 6986 
203 1656 4278 2894 5041 7933 8580 3376 6723 9771 5473 2957 819 7419 1150 2005 1256 
204 7676 7841 6051 7546 1559 2735 6933 4846 9895 4958 
205 8507 4693 4830 272 9493 9651 4431 6641 7030 8599 4545 4656 
206 5391 7560 2213 1109 3080 1893 4520 9374 3452 4534 7217 9992 758 2533 6251 
207 4564 4154 4289 7945 2668 9236 4177 3098 3800 147 2740 4709 
208 9104 1590 4065 6302 726 4544 906 2827 4418 9062 899 4034 269 3305 1149 1058 
209 5218 4936 5328 1418 4496 2709 1759 5463 7254 4176 3012 
210 4891 8481 3842 8982 8542 1611 6590 2471 9668 1672 3410 2696 3944 3877 
211 8881 6054 9041 2781 6627 4080 738 8284 2125 9752 6563 5711 907 1960 2910 8293 
212 6295 6479 8287 296 7743 5861 3777 3862 1723 9248 1153 7904 8705 5358 4151 
213 6169 2305 9238 2603 6202 5719 9770 5027 6399 9538 1621 453 1784 3077 
214 1407 3581 2228 6659 26 4162 9721 613 4737 5133 6494 9453 8005 
215 5953 2167 5179 2713 4814 7907 9466 8000 1191 5966 7206 
216 9318 627 3506 7038 9168 2722 2245 6318 8941 9965 
217 3729 797 3931 4414 2672 9586 3847 1775 4124 8474 1510 6049 7266 
218 2935 3362 8069 6289 5773 6708 3951 5061 3129 8733 6913 9050 8185 4090 9007 7709 
219 1012 4636 412 4007 4192 9283 5239 2948 1190 2055 7790 7877 4273 9075 4104 6980 5677 
220 7638 2157 3681 1864 7342 6621 8670 4736 9395 5336 7946 4402 1557 
221 5454 6415 4786 4422 2610 3626 4128 3333 1777 2599 329 5446 
222 7909 9119 8601 9172 2622 6364 209 1211 3130 343 5901 8908 8134 
223 4792 2214 6733 6455 6158 1097 9730 403 6391 3364 1647 7 
224 1059 6767 6077 7426 5445 7091 7617 6544 4857 7575 9511 5647 9193 5020 5991 4616 
225 9027 140 5433 5952 8452 5560 7388 2589 6693 6822 4368 3002 6412 1405 
226 4238 2264 3759 7142 542 2275 3557 6124 2033 4015 6510 1847 3088 850 4886 8832 9199 
227 4077 207 3866 9300 1560 1255 9359 6294 4179 1566 8083 4824 6307 6860 8859 8484 2569 
228 9291 3440 7786 5563 2903 6357 5641 4349 7152 3545 9089 
229 9646 3262 9666 1201 1562 1828 425 767 1826 5278 9364 1047 7211 3337 8685 4234 
230 949 8098 8975 5904 7884 265 7970 6143 7396 6152 606 1226 3956 4561 6465 8814 6161 4423 
231 9440 8418 6398 2699 102 5693 7270 8728 5881 4623 9734 4445 1 5543 9943 9135 
232 7298 6320 6922 9163 8564 5526 1078 4632 7677 4117 2565 2500 5120 5111 6778 
233 4187 7817 1980 5592 946 2454 2576 342 4746 4699 8377 581 9138 9795 3905 
234 8052 8559 5700 3700 9264 4421 5203 7316 6974 3503 5099 9758 9215 
235 8532 9816 6894 1347 9475 2185 3301 9203 1675 3817 8015 7669 4314 
236 49 1327 111 1700 8353 8127 8912 3219 8972 1234 8863 8491 6196 
237 1017 4563 5295 8521 2384 8037 1857 2516 8693 5685 5865 9010 4020 6978 
238 5429 8227 609 3764 1497 9071 4358 5348 5672 2115 1480 8577 5082 9191 2155 205 
239 3500 4031 5121 8361 9302 4084 334 843 3455 2405 5129 
240 2744 5525 239 5308 3827 9115 4416 3676 1520 9937 9997 3767 4199 
241 1905 1582 5986 3715 1011 9273 1410 2359 52 7204 5277 1287 3074 
242 1032 9108 916 2972 5522 9304 7808 9627 9847 5813 293 2345 3089 1343 
243 703 1890 7754 6072 9772 763 6236 621 7103 9928 5946 3812 
244 5395 7359 5878 4139 7215 2220 1767 281 1524 3343 5248 
245 7451 7333 3899 1063 1944 7366 1537 489 5291 6565 2866 3758 
246 1654 6483 1849 2035 1115 3257 7558 8075 4027 
247 3153 8260 3392 7697 9735 8046 7414 9340 3192 7392 6530 2412 3106 
248 5839 4161 3547 4655 315 8898 4028 2224 4439 6067 3249 7012 
249 7368 9181 3151 3902 4333 8420 3277 1998 666 5863 5003 2533 
250 997 3441 1270 50 6511 8833 4366 8477 418 6254 5062 4639 5386 
251 9521 3313 279 4372 5683 901 4593 3543 3291 7955 4688 7545 1370 6800 3242 4326 
252 8444 3977 7160 4200 8844 9809 2143 5339 6091 6426 3463 6428 9080 
253 6309 780 6300 4810 7927 9523 442 3648 3203 9133 7753 5818 7756 2986 1496 
254 7977 7383 8390 6469 3561 761 632 90 9617 6606 2883 928 6082 9253 164 1731 
255 798 6425 3270 3563 8570 1420 9076 7059 9107 6654 9995 1041 6377 1478 5457 1934 
256 3856 6129 3702 1725 3620 9830 1137 1644 2992 8152 4697 7791 5849 7505 4311 311 
257 2203 7170 4822 8252 1952 8510 2751 3258 7315 4552 1242 
258 5351 7453 6164 7774 2852 4215 7922 8889 3796 8105 
259 8796 1527 7608 7020 823 8560 6036 29 3229 5507 
260 6675 4574 6996 3046 5450 4806 7499 6458 8371 5896 8902 5958 2002 8578 
261 8744 765 6607 9766 2704 5149 9243 7472 8590 3737 6290 4400 8406 
262 8566 9200 5794 8600 590 2340 757 7894 6278 7881 2363 6180 7776 2902 4011 3232 
263 3034 6647 3846 6691 9130 9957 760 8236 4456 166 7289 8088 2962 9197 4870 5099 
264 8239 5835 9939 9457 1224 7355 6493 7535 2189 9628 3707 
265 9935 14 6918 6707 930 7311 1399 9325 924 4377 8320 4068 
266 3691 8198 8291 9428 2078 9403 226 6371 7692 6271 2578 3304 
267 141 8111 3714 1496 7654 9764 3414 4135 6670 8427 4279 8633 6195 9649 
268 4819 2541 8740 6345 1632 2287 1530 3539 8131 730 5451 
269 6267 4782 4071 96 153 5554 1244 8731 8183 5913 6613 4909 7198 5821 7413 8722 
270 8014 2968 4361 5657 271 6834 8522 604 4303 2994 6604 1630 5265 3135 5869 
271 3523 7687 3637 9035 3582 3751 2687 4900 1501 5874 3006 
272 2856 3288 352 4935 9101 1923 8257 7010 8708 4097 5514 4197 4521 9654 2260 
273 9114 6172 1710 6620 5096 1021 8557 7032 9022 8453 2342 5064 332 6061 
274 831 8782 2977 9790 95 6239 2547 3491 3984 6741 2480 
275 790 5798 8247 9898 83 218 5531 98 4727 3043 2667 110 764 4354 5248 8514 5589 8498 
276 6700 8530 148 6306 2358 5763 9932 7724 633 8448 48 6743 3172 8651 311 
277 9051 6181 2105 1348 5799 3322 9902 2164 6958 686 4625 2737 4180 3371 
278 5703 4592 9585 616 9583 5017 5957 2703 9582 7789 3758 883 6084 84 
279 5034 8937 7161 9116 2118 6951 6987 7868 7397 7707 2627 6771 6643 5412 5775 
280 7105 9232 8051 6924 2372 6746 2024 5187 3125 9541 6762 6942 3023 
281 7543 6038 9383 5810 5495 219 169 5352 9707 2267 2824 9139 5307 
282 3837 5097 8123 6287 9588 7821 8153 7506 7229 2121 1861 9476 1560 
283 4356 4295 5 3852 8188 610 9298 2346 3554 2201 9760 748 5625 159 1358 2407 6458 
284 4345 5692 2191 7314 4929 7077 8654 4800 6507 7740 8148 4838 6402 485 
285 8042 3331 7262 6105 9245 692 2593 1248 5123 3650 3215 6547 
286 7248 3643 9487 8068 2843 5899 8094 2691 7159 8959 7369 3052 7423 6390 2240 
287 2355 4735 2882 1388 799 1309 4758 6216 3750 4665 4619 3823 7438 9852 2513 
288 1542 5772 9414 1665 2031 2497 160 4291 9201 8229 6735 4442 1260 9573 
289 6619 2795 3405 7747 6568 3624 6464 4258 187 8612 9681 4877 1916 1476 
290 7285 8302 2238 8142 391 3804 5838 1471 6431 6599 5977 7516 7029 7501 8920 5788 199 
291 667 9056 437 9358 9565 5215 9574 3962 4937 2791 3890 2304 3104 8618 
292 578 2127 6525 9994 2553 6556 1004 5369 448 984 5870 7788 676 
293 7559 6851 1720 129 4531 1352 6441 6191 5739 4944 5847 6424 7167 8130 
294 9153 5964 5257 3808 1624 2140 4342 5482 9482 1095 5137 3450 2298 6712 3865 
295 2124 421 7036 8488 7318 2160 7689 6296 8066 8772 17 2917 643 369 
296 2192 5448 9335 6209 2399 3178 9237 2538 6112 5918 4484 1197 612 9480 
297 4391 8505 810 4106 4272 7696 1620 6478 9371 333 1930 1538 
298 9216 6890 6000 5430 8885 3265 4475 5926 7415 1014 5139 
299 4976 182 5211 101 8762 1668 6921 7118 4233 5706 838 2481 2526 8450 3103 
300 1423 2210 6865 6519 2332 2617 7086 4942 9171 5115 8234 4962 
301 3146 1638 7050 3406 1688 5600 7798 9818 2375 9761 7577 3334 6285 707 
302 8981 6351 2284 7021 5075 7512 7533 8213 4212 8842 3261 
303 8434 7787 1670 7267 2256 7762 1474 2557 6496 974 8340 9195 5610 8058 8116 9244 
304 847 7956 1762 4032 4158 4321 8495 4587 6235 8449 3327 8345 6030 
305 6457 5535 5751 3713 8837 9478 9259 9674 8466 2933 1929 9645 
306 8004 9626 8816 1380 7037 3754 6748 1187 4394 9913 338 2870 7699 2662 
307 2486 172 9349 4243 707 4507 9481 2810 165 5963 4769 9966 7360 9755 9205 7438 
308 5268 1711 63 131 6736 7255 2970 6385 6526 8341 7288 7947 18 202 
309 5011 8918 8789 1105 2671 9209 1291 9559 9590 7227 1750 7759 7997 
310 3227 5728 7399 5596 4132 2401 3968 6031 8039 6406 4102 2897 3101 4855 5458 
311 1336 8878 8720 6863 695 8275 7770 3319 8711 1697 4845 3994 6149 3659 7066 7500 3684 
312 6014 5320 5044 2456 2788 5534 3016 9655 7042 7937 4718 4174 3231 1149 
313 2787 895 8462 728 7486 6979 9295 463 5073 2079 1622 8009 1761 4051 5451 
314 2721 7582 1940 3535 2925 8624 4892 9495 5680 3526 2867 3669 30 3380 
315 3284 2819 2708 6666 5046 7113 2195 9783 4713 2855 
316 5587 6572 603 2107 7309 7795 9740 1569 4933 3572 8067 7331 5627 211 7285 
317 6777 2638 1321 6480 5737 8687 1964 5875 60 6959 4970 846 9834 
318 1978 1364 5388 2639 2168 8518 9866 4879 7657 1729 2983 45 549 872 2480 3232 
319 6859 9159 8895 9083 220 6512 1865 8864 376 2327 310 4081 5272 8294 4926 1637 3882 1238 1858 4909 
320 3743 7713 3983 2391 1425 7551 6793 305 8707 1465 1450 9347 8797 1328 5397 6635 
321 5234 1220 379 8363 897 2063 7393 8163 4695 4309 7647 5150 1086 7943 2745 979 
322 3200 979 6909 942 8364 3038 464 4018 2354 718 
323 9676 8143 3308 7013 6725 2383 6794 2230 4747 5978 76 3607 4912 
324 8635 7062 9890 2695 4590 553 7154 8868 9211 2999 374 
325 1289 4256 6671 1091 5785 6505 1475 4352 2464 1779 6183 710 8799 137 7912 
326 183 7293 8952 230 6017 6354 2840 3921 6679 8643 5981 
327 6266 2754 987 9156 9372 1815 6775 8539 6542 2985 1125 5193 5340 
328 9551 4955 6543 4683 3057 6397 3485 2950 6538 7975 9499 7425 427 6470 
329 6166 4783 1838 440 608 500 5375 2302 1753 3705 2117 6281 
330 3298 1365 9103 7440 6770 7190 4696 9763 3826 2978 105 
331 3003 1669 2918 662 9262 170 4767 1093 1483 8614 5962 
332 7074 7210 5684 9090 3385 5974 255 9013 1627 358 3915 1523 6550 5758 1454 
333 390 750 3527 2439 1386 9804 8113 970 9078 5015 2491 1206 1110 
334 2197 7865 7435 7064 1284 3885 3066 7623 3156 3675 8976 8336 8224 4311 
335 6434 5690 1324 8470 5169 8135 2338 2594 7619 4889 2549 8259 3728 
336 7719 3373 7437 7137 1883 6529 2644 751 2833 1752 8218 205 7296 
337 4667 6343 575 722 380 3424 5653 8397 419 6423 6718 4844 8109 3079 
338 312 4982 9717 3381 5364 1746 7663 8997 3408 3372 7200 3303 8062 
339 7887 5864 5013 6436 3275 9436 8758 5797 6222 4517 6781 5112 7044 9669 
340 7232 7581 3086 7114 8464 6433 8572 5628 6852 3363 4035 
341 2488 4575 7104 7895 2616 9160 8118 8226 1765 7452 1717 3199 4670 5661 583 8663 1763 
342 4327 2674 1567 4310 1398 465 5898 1339 171 8136 6041 1092 7375 1931 1174 
343 6482 4292 6824 5568 546 291 5781 3555 520 3256 720 1774 
344 9301 5170 6574 7796 1716 5729 8861 2301 8896 601 1807 6327 2630 
345 5546 4070 446 416 5677 7065 2951 558 3051 4165 3927 1811 804 1204 
346 6991 8249 3189 7041 7567 5404 4605 6747 5724 3668 3354 8174 6895 
347 9876 5431 5667 2991 8372 5976 5996 6944 4191 1454 1670 
348 9705 2465 6273 3818 81 7851 9081 4325 2242 9908 8596 
349 1435 3 7012 511 9370 8278 9026 303 3701 7844 9905 5297 5726 857 
350 3456 9018 7691 4546 8084 9334 6521 8436 8357 3997 5264 321 238 
351 3794 9415 2881 1322 3064 8405 4968 5869 5671 1610 8438 4171 
352 9827 896 3959 9955 7598 6903 2877 9284 4550 992 7580 7965 6534 8812 2773 9404 
353 4613 712 1829 4628 5779 8640 109 8595 7728 8242 8974 8729 3004 
354 9936 4677 1505 9400 756 5590 2518 8642 9990 5163 1925 392 8394 3883 
355 2560 6681 5298 3537 5255 3137 7632 8957 977 636 3993 4129 
356 3274 7278 9708 1451 8907 6893 2669 9070 3873 9941 5980 8571 
357 5941 6628 1022 8817 1349 4635 4788 6810 8421 5199 
358 5634 9218 5755 212 6076 7981 6179 9661 3634 8467 8786 4107 447 
359 2839 3736 8852 7194 6986 5342 986 7732 7272 2064 1219 4483 9713 2403 3434 952 1429 
360 6709 9386 2767 6382 351 4565 7494 6646 5917 
361 2085 708 3876 6878 1703 4576 4579 2057 9963 8296 5659 9979 8838 
362 7260 6167 2317 947 6005 7430 2351 547 6946 3032 
363 7611 8362 5035 2825 3978 7570 8376 8672 5951 1128 4127 1145 
364 3447 8310 4225 7804 8936 4743 4724 4145 5392 51 7068 
365 5678 8927 1028 1179 8888 4045 8926 3152 1920 2823 8555 4805 2698 
366 4437 8081 8922 1628 5434 5597 812 9904 5079 4764 8219 725 5227 6815 4647 2615 
367 1294 6413 4153 3085 8216 8483 537 8988 2209 183 
368 8045 3345 1866 2774 3404 324 3037 2333 8980 9718 4299 206 8106 6028 
369 4004 8626 8446 9903 1843 6906 7779 6857 1199 706 6040 1117 9465 5175 
370 2128 5787 1481 1884 5168 7116 4260 7324 8948 3832 4235 8451 2130 9330 
371 2058 6614 541 1881 3704 7313 5945 4993 2875 5747 4860 107 9581 8030 3020 405 
372 9688 1297 4304 768 2559 287 4324 1055 7840 6808 3111 5387 5292 7616 640 1534 
373 7174 5508 9129 5196 6001 5852 7998 8963 7460 3361 9354 5826 
374 6130 1344 8319 8138 2885 6914 3148 3513 4380 3593 6451 9598 830 7989 2760 
375 1956 5183 5868 815 5862 9781 7811 5089 506 6755 4691 4812 6099 5219 340 
376 9691 9859 6597 2030 2765 8231 7924 521 345 4994 9007 3830 663 5483 5341 7575 
377 5362 2458 4542 2820 7720 6683 6085 955 7015 3145 3608 1281 834 5270 1282 4645 
378 6121 858 9604 8630 1792 4694 9445 501 8909 8269 1060 8690 5862 
379 2369 8808 6234 3425 4905 7282 2426 6448 8240 5142 406 8325 6134 
380 5299 518 1889 5349 2469 9258 8661 3973 4999 1671 7896 1739 
381 8634 5702 7951 3520 1955 4609 9851 4413 6445 5745 1283 9915 1141 4965 
382 3069 4331 3533 6470 2393 9043 8893 7372 5796 5851 6 3610 2813 3462 6487 2613 
383 372 3860 7455 1010 4296 9127 6068 1156 7700 1051 6855 6178 2114 
384 8264 8746 5182 5220 7835 1941 6774 5054 7347 9519 6466 971 6528 
385 9675 4340 3746 7082 1769 1482 6934 1046 1673 1570 5676 4129 9224 8512 3602 5848 
386 2270 8457 5402 6717 6773 6778 4095 143 2463 7760 2566 3290 
387 3132 5365 1164 7196 5515 8212 7629 7226 28 301 5586 9773 6829 8928 
388 2540 879 8150 8360 8032 5323 1579 8328 4408 2093 6818 6214 523 4314 
389 7049 2524 2844 6917 6474 7693 1592 4399 1629 2542 7749 7406 8406 6454 
390 7340 4705 4181 3711 9802 6010 3937 8645 233 2239 7733 6218 4985 2128 
391 1252 5972 2794 6004 4152 1517 833 8246 3075 6967 1373 2943 4494 
392 8916 3296 8440 4000 1316 4650 9662 9281 
393 5107 5682 7736 7261 4572 739 6367 5750 8064 7218 1731 7373 5767 8830 
394 43 132 8739 6504 3541 4251 2543 3803 6104 4381 9906 4843 
395 7192 6557 5161 8958 4522 3656 8459 6737 4692 2051 1981 4476 5145 4210 9993 625 2 
396 5795 3394 3293 8447 8996 5370 198 4850 2447 177 1036 420 
397 522 4449 3657 5443 5056 8241 1376 4339 2109 1050 3134 3468 7410 9947 
398 8011 5995 5355 4602 7990 5877 1266 6146 1698 2432 3285 6613 
399 745 3597 3592 1805 4434 9423 2303 9155 5727 1061 6518 
400 5439 6669 7141 3423 1557 1719 8178 4577 8592 5216 4658 7823 474 4527 9720 6082 
401 7503 6388 8790 2050 1652 3164 5902 4257 8119 9743 7891 9275 9435 9806 
402 9659 659 2746 5624 998 6133 2580 1544 9085 7748 6752 200 8644 8212 
403 631 3267 8170 6265 8346 2366 5603 4411 9782 7413 7429 
404 4755 8615 8033 9208 5857 3783 4917 4111 6973 6065 1326 8177 7163 469 
405 276 3415 2973 3079 7008 7085 8388 7531 918 2567 1436 2434 5326 1959 9709 
406 3375 1233 5317 4938 4026 3822 3126 9967 6873 8628 8439 6486 9467 
407 6025 4218 6594 5468 3422 4133 1695 4646 2554 8979 936 3789 
408 9568 8432 2996 3670 6324 3562 5378 7462 5290 3238 1774 4199 
409 3417 273 8764 4054 3169 7969 910 1194 4763 1853 1360 9533 7751 
410 6503 7510 6311 4062 6440 1514 1825 1256 7723 6745 8105 2146 
411 3297 6602 9797 1834 7549 3797 9401 1640 2872 5273 4091 6618 
412 3895 9833 6588 9566 4671 2952 4903 4435 7856 8658 5332 9004 9197 6049 
413 6269 7824 4684 7256 4444 1159 6075 3071 8678 5504 2265 2777 9032 4308 411 1979 412 5643 311 
414 4134 9066 6739 9123 3106 9047 3099 8899 9602 8969 3544 2673 3202 227 2066 7123 244 4591 776 6054 
415 4607 1202 2779 3225 5656 7863 1880 7346 1650 5845 3801 
416 7356 5093 5065 1992 3982 8157 5276 5453 7169 1921 7613 1674 2389 3111 7736 
417 167 4159 5271 5178 386 4825 4987 1677 460 783 8848 1871 
418 8618 1715 1749 4042 2038 9974 2742 7122 108 3419 7781 2750 5019 5053 
419 246 4821 2335 3531 8854 4013 7949 6612 1845 9230 6150 7656 8195 235 205 6701 6021 1105 6534 
420 4766 7028 9637 9920 714 7304 2590 7151 1419 5102 5611 1878 4945 4596 7545 
421 8815 1072 5536 2379 1773 4893 1948 4169 3632 7006 1851 637 3427 8189 
422 6840 5359 9366 7641 5173 7303 905 6928 5537 680 4203 450 
423 4928 6153 9332 7939 1288 3096 4760 3100 6394 6362 9460 1645 9287 7302 7706 4501 
424 7810 9067 457 2175 7883 4248 47 3821 5583 9430 2233 3897 3975 5029 1680 8431 1383 
425 652 2655 9945 3465 3133 2536 2462 6437 7246 3809 6583 9970 4056 6044 
426 4920 42 593 551 449 6116 3095 1953 5023 7763 254 7852 
427 7457 243 1034 3379 2666 7448 4462 2878 2294 6558 5040 8079 571 4888 3969 487 6836 5198 7153 2904 
428 3616 5723 9634 1536 3614 7150 4627 7591 1292 3032 1238 
429 7521 5307 4036 2255 9534 7702 4772 9176 860 9448 4642 6522 1846 3784 6141 4037 
430 33 5598 8202 6803 6372 7593 7111 5447 9515 6549 1329 7266 
431 2846 953 2330 5162 9502 1412 7836 2308 370 4791 8836 443 9842 
432 8175 4586 1743 9290 6260 5327 8738 7416 7976 6940 6833 8832 
433 4039 5103 8428 8853 9139 6338 9310 458 486 645 3793 1859 2161 2962 
434 5705 8501 3703 7317 9653 7338 4420 9950 5975 8049 456 4337 6729 8210 
435 4178 2274 849 1937 8463 8001 4906 1361 6722 9326 1025 1661 
436 8992 2701 155 6250 7107 1130 7816 6203 3119 3900 9094 7277 7219 
437 6101 1369 5130 21 7126 1426 6315 6015 9044 5725 3811 3154 3989 
438 3473 5754 5905 7536 4749 2532 5793 38 4044 8778 2783 388 8711 
439 482 4512 1147 5104 7597 2100 1518 6611 4612 4730 3863 2082 7243 8742 8998 
440 7459 691 3548 4511 5900 6011 2969 8060 1942 5890 2043 4073 2895 7056 6920 
441 6837 8610 1182 8921 5575 9562 592 4360 4868 
442 5743 9206 8461 8978 874 6624 4088 3570 2920 3718 7978 8359 925 6141 
443 7490 9256 5815 8250 4580 6259 3813 2337 9768 2812 9223 7207 9003 527 
444 670 2879 36 646 2911 1571 8914 7024 1786 6148 7797 3083 9822 7495 8644 
445 2135 9595 1432 827 142 3985 2806 7301 8431 4973 5752 2019 6073 3586 
446 1323 6414 8686 4389 2727 6809 9260 9204 675 1898 535 6603 7336 5909 8286 4463 4271 4529 3753 8169 
447 6103 6249 8681 792 2060 9747 8077 6636 3939 7650 5499 
448 779 759 7569 7307 5157 4341 6804 3683 8480 2003 1882 4149 4785 7349 6538 1752 
449 191 1107 2258 6312 8164 1994 6656 1855 5132 3240 
450 2939 5872 7048 5553 3182 1466 3193 1958 8513 2083 9635 755 9545 
451 6786 2769 8350 4173 8018 4478 8337 1572 679 1681 3508 267 8716 3914 2929 9178 
452 3888 4066 9442 7357 2624 1340 4702 9485 2102 360 3236 7350 3403 4660 1117 
453 7381 8967 3264 8574 6395 5416 2947 4567 4041 1705 4294 480 1121 3728 
454 331 5701 7721 1264 1111 320 1888 4300 8697 6429 3004 4786 
455 5730 7484 6070 5236 5943 309 4247 6408 3117 7188 5263 5670 5043 
456 3460 3318 9069 4491 2828 8097 2069 1946 3246 2138 4464 4664 
457 10 1077 7659 9388 844 9399 4119 3243 77 6046 4116 4725 4108 
458 2111 8548 8608 3752 7745 8038 8906 7845 9563 1525 2817 3065 5437 
459 5474 7899 6281 7025 1007 7566 1806 2262 4040 4578 6138 6439 6196 
460 1962 6467 7604 1957 8 5424 5353 9149 3464 168 1651 7957 1066 3395 9261 
461 9728 8880 9005 5415 8093 3999 4706 5983 2381 8508 8367 7039 3292 1512 
462 6258 641 6134 6327 5506 8653 9433 2569 8715 2394 1416 856 2642 4234 2847 745 
463 523 6731 982 8822 6378 4784 1459 7966 1646 4193 6033 5858 4742 9848 
464 2202 9014 9569 8191 1657 4383 972 3678 2967 2501 8301 9579 
465 2730 3518 2979 150 2936 4307 2719 7773 6926 3279 7630 5212 6692 2643 
466 5200 3007 2222 2313 5249 6184 5649 381 9641 6617 2448 3575 
467 7382 7562 9986 7901 8911 9023 4115 9254 4397 9686 3446 
468 6257 7290 1237 6332 7022 1301 349 5444 3781 7330 197 7767 6673 2318 3234 5668 8644 
469 6449 3310 6256 6941 323 1662 9643 8632 2129 3840 8256 
470 9507 7984 4734 2418 5757 1655 4771 2328 8063 4269 9815 2600 4967 
471 6899 5185 3211 5033 4652 6248 3621 2759 7047 6697 1119 6376 7280 
472 2331 9438 2048 2575 550 1555 2711 2378 328 9731 3431 9391 208 3783 
473 5350 8469 5770 8035 7469 3596 5356 3330 6601 7993 5962 1984 
474 1181 1521 661 6650 5252 407 2296 2692 6024 4811 5556 4714 660 1121 8491 
475 915 195 512 8117 4854 9867 9233 149 6593 4369 2890 4606 7511 
476 4644 1020 648 1342 5279 4798 7771 1391 4386 8059 5459 8196 8130 991 638 
477 8949 4553 6545 6063 232 5127 7202 8270 3655 123 8443 1239 2545 9931 4348 3023 4664 
478 5282 2382 4222 1200 8308 7143 1516 1005 6990 5834 2832 8925 7713 5748 
479 7880 2248 4240 6163 956 9344 8099 3190 2217 1132 64 2771 5403 3377 9129 4855 
480 532 5045 2376 3056 3765 1318 3260 5400 8747 9308 1503 3630 1205 6672 
481 3682 2850 4728 2356 2406 7642 4314 7274 4537 8445 9331 2685 
482 4166 2322 1158 716 2651 829 5159 3810 8314 7252 2562 6497 2816 1176 8487 
483 9887 8793 8841 5418 944 3251 7806 5936 6648 2572 9030 4862 5761 2512 9555 6404 
484 1019 639 1180 7216 657 3147 5710 5573 9669 8734 8194 9697 3149 2591 6369 838 
485 6633 4703 2790 4566 6064 4388 2144 1802 7482 7353 1736 569 9453 
486 6698 813 9711 687 5081 9199 7784 7952 7259 8141 5070 7386 1280 1918 467 321 
487 4504 2235 7961 4343 9787 5965 4925 3091 6422 9425 461 2336 6790 
488 450 3352 7295 514 1427 8999 2282 5031 1685 5570 6059 9087 7919 7240 
489 6468 731 8176 5462 1935 563 4148 1241 5066 7712 1167 526 2802 934 1737 683 
490 6908 1377 4969 3121 2798 6780 5944 697 1278 5889 4799 5253 9942 3081 
491 8043 1120 2001 44 285 8737 3388 9624 3059 8020 7852 6329 5288 1354 6014 
492 744 1639 175 8823 8528 3486 7842 5883 4425 7862 1793 5830 5206 7219 
493 7948 1236 2608 2747 1817 2136 56 4752 1982 6665 3955 8101 598 1381 75 
494 3005 6226 325 9660 1306 9611 1991 1600 3605 4499 7987 8800 8722 
495 8743 2811 893 1033 1561 7193 701 2909 5613 3795 8166 7708 5880 369 
496 5617 7321 2614 3995 4078 1139 5343 3970 8387 1504 1616 4818 5860 5895 6095 7710 
497 4853 9315 3471 8787 2660 4716 3350 8288 3987 7572 2278 7057 1833 5326 6482 
498 6170 5109 8801 6764 1938 8819 6872 4663 6360 2676 732 5340 
499 2602 671 5654 8753 4789 6738 6117 682 6242 2017 7504 7684 5095 
