100
0 0 8 27 39 91 33 22 43 1137 54 288 220 66 756 100 339 237 397 1687 1422 425 93 1368 4227 192 3053 8949 3160 155 236 2825 
1 1 0 2 3 5 4 6 7 9 15 61 26 14 19 180 30 159 251 281 52 12 10 21 22 88 35 110 42 13 8 37 946 36 17 41 377 158 65 176 199 184 1572 968 
2 2 0 4 3 6 7 8 9 11 14 17 16 18 24 21 27 15 28 22 33 35 23 32 20 44 45 62 94 66 70 85 1 54 69 64 179 103 148 5276 2264 3756 3244 
3 125 54 60 447 768 161 235 1456 1991 4630 8444 8948 590 3097 46 222 2696 6166 2078 3676 853 698 5165 2738 9906 1065 4361 7924 4032 9607 2191 735 2067 1888 6656 
4 0 2706 3689 511 2098 3056 941 8401 9493 3293 2791 6205 7287 8518 8428 7122 3946 2413 862 278 5196 3769 1377 2460 818 2894 1628 
5 36 97 41 93 46 67 29 76 95 135 96 40 245 149 90 240 98 78 32 81 70 390 202 141 500 109 255 65 125 286 328 193 1173 
6 1 13 6 12 7 10 19 20 40 30 21 31 18 41 25 50 38 37 46 75 112 48 108 44 172 170 67 100 83 122 72 121 176 
7 1 2 3 4 6 7 12 9 11 8 15 10 21 13 14 17 23 16 18 24 47 46 35 20 28 49 19 55 51 40 32 63 36 31 58 107 355 1315 
8 11 85 75 411 25 40 50 74 323 76 24 56 54 546 64 216 631 38 1588 18 415 2308 142 596 1037 484 106 950 83 485 
9 1 16 56 24 53 232 163 46 3 58 67 109 115 44 158 48 45 99 142 27 41 78 808 95 70 47 79 83 62 51 468 2024 69 6729 155 
10 2 3 4 10 11 20 13 23 28 17 32 14 27 47 16 18 9 36 61 114 50 123 455 35 101 513 106 40 129 134 256 42 99 22 125 621 
11 13 41 54 48 51 46 39 111 136 79 55 64 91 82 117 75 112 67 93 103 40 72 142 125 81 248 83 477 206 6656 
12 2 5 3 0 4 9 6 8 7 26 1 14 29 22 10 16 32 34 33 13 39 12 42 23 11 35 43 18 27 19 56 20 120 
13 567 29 1271 2664 2579 1402 3700 2568 5120 1828 4162 5604 6480 3648 4482 1087 4001 8116 7325 4350 3839 875 7316 1452 1865 249 2142 393 976 358 7027 7658 7918 2198 3600 
14 0 185 143 303 1097 450 362 291 1902 706 370 224 3070 1709 1748 7367 2096 816 121 245 1207 2205 3950 1027 1641 7791 1811 417 6630 250 1579 252 9894 404 2153 
15 8 22 6 42 0 3 54 43 33 87 67 147 92 5 113 48 83 68 120 89 30 84 108 7 513 182 178 772 163 72 28 280 69 112 138 3389 
16 167 256 418 659 288 848 1754 819 1116 506 933 4848 6031 9471 5429 4752 1590 5222 380 3548 1576 3500 1100 4362 2983 1021 1959 6662 1985 681 4023 4371 
17 418 1185 5893 510 247 665 92 68 257 454 759 4278 1710 346 3900 3274 7818 633 2202 53 3735 5278 547 8015 602 6797 1051 622 1352 3923 339 6049 
18 51 267 37 10 204 879 38 59 77 66 163 161 94 175 390 169 245 202 189 122 192 257 701 450 2128 796 632 7593 3813 2688 355 731 138 
19 67 633 250 39 3797 253 231 37 826 153 871 358 214 517 55 158 175 904 598 339 1114 122 351 108 83 599 109 775 96 102 64 769 149 309 126 139 303 6698 1737 
20 2 1 4 8 11 15 10 12 9 35 33 26 22 36 49 13 75 43 20 32 18 24 119 59 125 1052 491 57 99 148 21 
21 0 1 2 5 4 10 3 34 15 33 12 71 16 17 39 74 14 26 21 124 22 11 83 27 41 47 77 79 38 8 69 184 2264 
22 0 5 1 6 2 7 4 26 8 3 9 33 15 12 30 133 68 89 59 29 37 75 25 41 97 43 72 124 57 63 224 69 1310 1290 5926 
23 42 56 139 86 47 172 60 95 264 252 135 131 226 70 48 195 230 462 25 275 318 1407 152 2169 150 215 343 345 645 611 361 2479 17 207 1429 482 
24 27 16 91 104 128 53 42 74 80 105 8 82 30 188 73 88 77 269 124 185 203 84 271 120 644 54 56 236 114 116 184 134 167 123 131 654 426 2060 708 
25 6 20 7 9 18 19 50 64 101 44 82 13 425 46 40 72 602 91 49 36 127 140 161 35 202 241 34 32 2587 37 54 120 1482 
26 25 24 16 17 27 84 45 66 47 144 161 187 131 85 60 120 2052 100 80 222 210 2195 234 91 409 181 162 415 446 412 183 299 327 890 709 1384 2591 
27 0 5 17 15 16 34 24 28 23 14 40 25 47 53 20 60 39 45 35 27 50 164 122 165 57 151 82 119 107 110 124 100 79 44 132 1954 
28 0 2 4 17 12 44 6 11 10 67 64 93 144 35 170 60 61 258 148 82 137 264 128 41 132 272 234 169 612 478 114 253 121 107 621 1917 5921 9517 
29 27 34 66 223 270 360 337 329 490 281 331 278 290 442 437 274 330 807 229 3842 393 1000 880 793 236 887 456 496 1908 287 559 1378 650 1803 671 
30 1610 150 610 275 625 2385 435 1026 154 124 602 94 687 4801 8740 347 1906 187 537 162 70 198 143 9295 2522 1979 6450 2156 5792 8875 2076 9502 2955 
31 0 3 2 5 4 1 16 8 9 11 27 14 26 6 105 10 58 12 17 56 7 73 20 42 96 68 18 19 59 77 70 399 55 28 549 102 197 554 
32 10 12 34 25 11 13 60 83 49 31 20 56 47 116 38 65 74 186 135 101 84 104 119 162 231 128 239 435 122 709 797 138 
33 1 32 22 31 33 92 46 43 51 724 222 180 298 87 48 169 174 49 81 62 4 980 1427 204 63 1011 3097 7585 
34 0 2 4 1 10 8 16 14 18 32 17 11 9 26 28 58 27 52 121 76 59 40 391 412 73 20 3222 35 23 1007 305 91 95 79 198 1089 6604 5862 1290 
35 190 1150 8973 1959 646 6137 9957 3236 1752 7970 476 2239 483 1074 5221 6012 344 295 4164 471 529 836 969 953 1504 4613 2516 1363 3560 899 1065 3923 4551 
36 0 94 1638 37 712 5526 149 206 434 406 1936 469 328 733 163 1783 95 1481 106 647 403 998 979 1127 3730 6137 1290 5361 1797 5005 2979 501 676 1532 324 105 797 
37 3 5 6 7 19 30 25 41 48 54 50 42 60 56 31 44 77 40 46 82 68 102 154 61 114 129 128 88 176 107 137 166 1233 251 158 524 252 126 968 3097 1263 
38 1288 360 507 2805 6329 3659 5803 1362 6064 1314 1062 5519 6284 1370 1337 268 553 4809 346 4221 1106 659 65 33 648 4009 2840 1765 256 298 3478 6702 
39 0 1 17 50 46 25 21 62 48 40 74 79 55 60 546 118 99 439 1251 68 108 207 322 22 129 102 162 237 579 5381 554 1671 5921 
40 53 143 64 265 161 160 405 308 231 151 1880 306 521 777 907 135 388 317 595 292 1053 3761 498 538 73 66 1465 3879 7195 497 1395 6831 1310 
41 3 7 6 97 5 39 205 25 137 50 214 12 64 181 82 86 156 2415 60 3790 283 412 321 38 1837 3135 372 117 516 382 389 2153 554 
42 3 0 6 1 18 7 2 56 123 294 4 8 5 19 29 74 935 1449 1001 284 26 250 441 487 41 249 332 1729 11 170 234 814 369 1027 129 353 299 7347 
43 132 347 6126 168 1988 1128 1758 3164 2611 1509 1967 325 633 1889 1571 1876 664 472 5689 9359 772 7986 2904 1894 4838 87 2507 1993 1333 474 6423 3016 4247 
44 498 301 256 1002 465 378 742 1246 389 207 4089 214 239 1379 1033 327 2196 712 309 1070 115 39 1953 272 3604 716 7 2050 158 137 603 127 3167 1132 404 176 4023 
45 0 2 1 6 4 3 8 10 7 9 5 12 11 23 15 14 17 18 19 20 21 26 22 29 13 31 55 37 32 33 52 30 43 28 35 114 121 138 554 859 7055 
46 0 15 14 31 19 21 25 9 1 205 88 1155 20 59 181 651 172 352 2 183 4148 241 376 289 218 1902 156 983 1298 489 315 217 7408 1643 
47 1 0 129 5 82 54 90 109 229 57 225 188 138 433 192 93 174 244 293 130 1582 740 39 519 186 1843 4336 5990 126 1482 
48 3 6 7 9 8 19 13 20 30 48 25 37 31 68 42 164 99 103 51 227 55 104 134 366 32 96 300 81 116 1228 24 106 545 120 
49 3 7 29 13 22 21 94 186 113 61 69 763 32 70 212 907 7718 18 641 502 1767 31 1857 3332 338 839 519 473 994 498 102 92 1671 316 8450 
50 33 817 133 71 85 148 322 233 4 2292 36 1391 395 587 926 178 919 739 320 2513 592 6 246 443 216 371 1372 171 415 141 268 3140 86 6755 4096 74 2430 1482 3684 867 
51 0 1 2 3 4 5 6 7 11 10 12 8 9 13 14 45 18 21 17 24 35 15 22 28 20 64 16 26 27 117 33 30 41 34 143 78 725 977 
52 418 42 78 786 70 868 296 211 951 384 1601 4025 6514 6001 310 365 753 2190 2327 5625 1950 248 95 676 2088 525 2702 467 6171 689 271 7895 1643 
53 38 70 74 110 246 118 73 1866 92 171 215 65 216 225 89 195 332 151 231 254 22 1296 174 170 184 194 302 1035 760 846 77 289 371 1077 1495 
54 0 3 9 7 16 17 13 29 62 21 23 40 180 88 81 61 115 451 36 78 1489 95 24 14 35 51 15 45 52 31 69 104 509 561 280 99 243 954 146 193 3198 
55 1 0 8 2 5 3 4 24 6 45 7 10 9 17 80 11 15 14 13 161 57 91 53 115 94 117 88 12 146 71 49 43 55 19 900 1334 
56 78 90 145 181 481 115 113 153 160 242 223 177 214 948 349 825 338 196 142 220 707 323 186 3577 117 5795 350 398 211 4514 
57 5 19 20 26 30 53 43 50 37 52 38 110 44 76 57 218 268 126 200 448 422 197 158 114 349 118 296 335 46 375 102 429 212 308 1442 111 132 55 3661 1506 196 404 3975 2291 968 4656 
58 666 936 381 460 244 280 144 325 720 294 429 565 550 364 520 1729 4104 5850 806 2986 4685 97 8076 4474 3768 2619 7279 4133 909 396 6571 475 4895 1587 860 2593 2955 3110 1263 
59 23 204 535 194 33 479 163 24 323 769 1011 8601 6408 3843 6238 225 2187 1728 1264 1566 216 2295 902 189 2980 762 1412 605 294 585 933 2692 494 1134 5333 977 8450 
60 25 19 65 123 15 106 38 122 101 297 49 84 130 235 88 68 105 758 58 120 1927 1909 143 80 238 1756 219 310 194 350 216 259 103 355 5554 3849 
61 1 0 63 121 213 105 215 444 362 221 266 131 2014 230 208 103 75 916 351 456 295 7672 4674 374 226 815 2976 566 408 468 62 927 2148 1263 9584 
62 0 3 7 16 117 111 155 31 245 146 1503 6044 62 770 528 195 87 3429 700 17 101 5672 128 539 1017 3400 3488 1383 118 9593 5546 120 914 7624 1310 
63 0 1054 3349 971 506 206 1123 145 285 976 182 119 557 489 255 8704 809 1266 1147 2992 7373 171 408 7764 1239 3926 129 3299 660 8516 607 582 1041 7776 459 7977 8801 900 
64 0 14 296 3317 399 336 505 146 379 60 265 157 90 301 778 6820 3358 458 3032 219 244 71 342 238 15 805 592 533 127 784 803 1108 55 152 63 1005 800 9305 
65 32 97 49 73 17 117 42 94 47 72 64 432 43 190 136 259 568 546 1336 1635 2132 177 77 1623 224 1956 38 13 357 7687 1679 329 708 
66 0 65 67 101 45 1 457 136 137 1424 119 947 3989 1413 1042 1156 524 1959 1438 4477 3324 23 1677 5834 1967 885 1105 1686 
67 2 4 3 10 6 7 9 11 12 18 5 29 37 19 36 13 8 38 31 21 65 57 71 28 35 78 52 77 15 34 118 160 152 157 88 26 14 61 155 51 126 139 725 3106 
68 62 76 243 108 509 324 279 1428 314 250 213 134 112 517 79 397 309 156 502 424 724 357 85 465 98 191 116 84 188 461 1122 184 2112 6698 
69 12 17 20 83 43 10 72 107 171 27 335 145 84 75 42 41 142 936 82 1107 54 89 73 689 224 11 501 185 68 216 3499 109 48 63 977 1482 6165 
70 0 59 69 176 49 253 90 73 40 42 545 54 113 410 298 666 378 315 66 762 254 629 2973 76 367 91 36 840 240 58 577 384 7559 708 
71 15 36 49 143 66 101 150 546 306 89 903 225 364 327 350 202 2477 2360 439 906 252 581 945 446 445 799 585 9138 2591 
72 236 34 124 653 798 237 475 356 4630 543 328 2473 2859 313 428 3038 1434 2135 8512 2218 8629 2262 755 1353 189 6094 3828 2094 1566 1408 7797 2433 679 
73 320 250 46 52 637 92 3708 293 609 252 1484 137 98 156 1311 3403 140 308 397 1756 2201 597 470 1611 1845 149 1953 6188 1307 228 864 842 317 348 534 3826 158 3774 867 
74 2 4 8 10 11 12 9 199 13 109 37 38 25 110 21 2014 431 201 582 89 54 446 203 102 149 83 322 65 53 1038 6 8365 3502 1210 1401 1332 992 6097 1583 468 2848 9543 5526 968 
75 14 6 5 147 23 257 174 34 98 69 165 392 29 64 159 217 209 86 92 28 562 4 1841 454 41 141 401 112 2 58 173 583 199 356 
76 0 1 2 3 4 5 6 7 9 24 8 16 22 14 10 12 35 50 23 30 39 17 21 104 13 26 66 28 27 18 19 11 46 71 
77 31 207 144 254 2942 32 90 533 113 81 52 44 851 35 71 217 514 78 249 244 8733 433 4138 5350 1130 40 1593 651 103 8466 3591 725 
78 87 59 292 352 391 168 99 89 102 2282 178 154 325 96 261 987 145 133 51 183 307 1913 465 285 845 680 171 731 572 237 210 245 443 36 1591 632 485 1502 
79 1 8 9 87 71 52 98 37 57 39 156 76 45 97 53 130 89 16 81 119 51 24 238 140 33 93 59 30 36 96 131 62 485 199 
80 0 108 287 316 95 553 619 145 25 1572 224 94 4241 1815 75 154 101 3017 641 688 1217 971 2883 2458 115 4859 5724 2683 1706 229 5801 4618 290 197 2060 968 
81 51 95 25 63 156 209 49 165 85 133 259 363 167 282 527 36 225 300 79 1627 345 80 42 273 128 277 355 168 131 337 211 268 138 7117 1263 
82 52 126 58 96 247 73 99 77 163 565 155 360 271 339 30 59 241 494 1983 120 341 229 1759 334 82 677 2282 2967 66 508 841 202 4525 235 348 662 914 404 621 
83 0 105 106 1 2 59 68 70 227 235 323 779 179 589 1595 267 5688 1515 3175 3 669 319 1932 514 228 342 28 859 2780 3244 
84 1 0 12 24 34 15 13 21 51 5 86 29 6 22 38 102 50 39 64 69 57 8 65 127 155 7 45 117 62 53 136 168 49 83 140 356 4347 1737 
85 34 187 75 217 338 938 544 201 139 332 226 293 174 676 715 656 2652 5641 951 39 9442 6234 412 193 1449 475 1295 3559 1604 
86 2 0 3 4 5 7 9 10 11 14 6 16 13 12 15 21 25 19 17 20 27 18 23 38 26 28 34 35 100 60 44 68 50 47 72 152 708 
87 17 22 18 130 1073 99 32 152 177 82 323 882 470 62 774 907 2334 475 419 302 253 166 55 949 505 4738 1862 2071 353 1333 51 197 663 4040 5959 2848 
88 250 278 1027 127 130 714 96 239 190 510 1080 216 52 660 238 2552 559 1223 309 48 150 6025 3915 361 672 7777 4928 5778 2475 5731 1571 928 869 554 4171 
89 0 1 22 48 58 66 178 43 127 545 41 206 218 726 111 272 32 205 161 553 233 49 112 277 912 267 5350 79 227 200 159 1495 
90 5 14 23 27 28 42 55 34 20 331 63 25 90 110 184 158 111 229 218 425 76 118 157 83 72 141 138 287 201 26 159 210 92 655 124 98 30 108 419 139 2371 1384 
91 663 452 281 209 374 8088 4370 2665 3003 5275 407 414 210 6018 6005 1746 970 534 1066 1091 2492 1142 8585 1474 438 4581 1166 425 7135 7600 8438 4131 7086 3244 
92 24 45 57 16 106 97 71 41 169 144 81 194 132 248 179 142 304 75 107 551 205 293 137 74 316 715 210 109 255 796 120 356 193 1714 1583 1958 1334 
93 122 276 160 1152 1948 597 1010 3535 606 2285 526 128 750 502 233 866 549 281 555 185 9798 1951 842 78 208 201 4319 4051 561 1388 6577 
94 1008 262 402 2882 861 3458 332 1150 301 830 1865 1506 217 309 645 1663 180 975 130 1000 232 960 7971 842 374 1741 544 2968 6424 218 655 857 4364 5051 2402 
95 1863 652 742 402 200 311 2670 1017 488 1257 908 140 3654 3420 5774 813 1073 2436 963 6147 6913 133 258 344 580 6629 3893 2348 3033 79 7275 
96 1 2 4 10 11 12 18 131 58 127 249 71 24 45 149 63 109 105 56 715 137 153 74 1361 139 381 201 219 239 30 53 120 309 2818 5482 1495 
97 1 0 6 2 3 4 8 5 9 7 12 10 22 29 21 59 11 69 84 36 90 19 14 13 18 46 37 31 86 15 173 33 78 76 1591 138 2889 5381 
98 0 1 2 6 4 11 9 8 5 3 12 10 14 20 18 26 16 19 7 40 17 32 15 44 38 27 41 24 31 52 43 23 55 62 139 37 28 56 72 121 3097 3849 
99 15 39 33 29 22 62 61 178 69 81 37 119 139 101 173 36 199 168 116 13 84 56 153 134 113 75 103 406 175 503 195 180 138 891 637 482 63 2478 3110 6402 
